Log file open, 05/15/18 22:11:59
LogWindows: Failed to load 'aqProf.dll' (GetLastError=126)
LogWindows: File 'aqProf.dll' does not exist
LogWindows: Failed to load 'VtuneApi.dll' (GetLastError=126)
LogWindows: File 'VtuneApi.dll' does not exist
LogWindows: Failed to load 'VtuneApi32e.dll' (GetLastError=126)
LogWindows: File 'VtuneApi32e.dll' does not exist
LogInit: Display: Running engine for game: Hotline
LogPlatformFile: Not using cached read wrapper
LogInit: Display: RandInit(-1870468745) SRandInit(-1870468745).
LogInit: Read version file with build ID '3709383'
LogInit: Overriding engine version to CL 3832480, compatible CL 3709383
LogInit: Registered custom module enumerator with build ID '3709383'
LogTaskGraph: Started task graph with 5 named threads and 8 total threads with 3 sets of task threads.
LogStats: Stats thread started at 0.163134
LogD3D11RHI: Aftermath initialized
LogModuleManager: Display: Found up-to-date module file ../../../Engine/Plugins/2D/Paper2D/Binaries/Win64/UE4Editor-Paper2D.dll (API version 3709383).
LogModuleManager: Display: Found up-to-date module file ../../../Engine/Plugins/2D/Paper2D/Binaries/Win64/UE4Editor-Paper2DEditor.dll (API version 3709383).
LogModuleManager: Display: Found up-to-date module file ../../../Engine/Plugins/2D/Paper2D/Binaries/Win64/UE4Editor-PaperSpriteSheetImporter.dll (API version 3709383).
LogModuleManager: Display: Found up-to-date module file ../../../Engine/Plugins/2D/Paper2D/Binaries/Win64/UE4Editor-PaperTiledImporter.dll (API version 3709383).
LogModuleManager: Display: Found up-to-date module file ../../../Engine/Plugins/2D/Paper2D/Binaries/Win64/UE4Editor-SmartSnapping.dll (API version 3709383).
LogModuleManager: Display: Found up-to-date module file ../../../Engine/Plugins/Blendables/LightPropagationVolume/Binaries/Win64/UE4Editor-LightPropagationVolumeRuntime.dll (API version 3709383).
LogModuleManager: Display: Found up-to-date module file ../../../Engine/Plugins/Blendables/LightPropagationVolume/Binaries/Win64/UE4Editor-LightPropagationVolumeEditor.dll (API version 3709383).
LogModuleManager: Display: Found up-to-date module file ../../../Engine/Plugins/Developer/GitSourceControl/Binaries/Win64/UE4Editor-GitSourceControl.dll (API version 3709383).
LogModuleManager: Display: Found up-to-date module file ../../../Engine/Plugins/Developer/PerforceSourceControl/Binaries/Win64/UE4Editor-PerforceSourceControl.dll (API version 3709383).
LogModuleManager: Display: Found up-to-date module file ../../../Engine/Plugins/Developer/SubversionSourceControl/Binaries/Win64/UE4Editor-SubversionSourceControl.dll (API version 3709383).
LogModuleManager: Display: Found up-to-date module file ../../../Engine/Plugins/Developer/UObjectPlugin/Binaries/Win64/UE4Editor-UObjectPlugin.dll (API version 3709383).
LogModuleManager: Display: Found up-to-date module file ../../../Engine/Plugins/Developer/VisualStudioCodeSourceCodeAccess/Binaries/Win64/UE4Editor-VisualStudioCodeSourceCodeAccess.dll (API version 3709383).
LogModuleManager: Display: Found up-to-date module file ../../../Engine/Plugins/Developer/VisualStudioSourceCodeAccess/Binaries/Win64/UE4Editor-VisualStudioSourceCodeAccess.dll (API version 3709383).
LogModuleManager: Display: Found up-to-date module file ../../../Engine/Plugins/Editor/AssetManagerEditor/Binaries/Win64/UE4Editor-AssetManagerEditor.dll (API version 3709383).
LogModuleManager: Display: Found up-to-date module file ../../../Engine/Plugins/Editor/AudioCapture/Binaries/Win64/UE4Editor-AudioCapture.dll (API version 3709383).
LogModuleManager: Display: Found up-to-date module file ../../../Engine/Plugins/Editor/FacialAnimation/Binaries/Win64/UE4Editor-FacialAnimation.dll (API version 3709383).
LogModuleManager: Display: Found up-to-date module file ../../../Engine/Plugins/Editor/FacialAnimation/Binaries/Win64/UE4Editor-FacialAnimationEditor.dll (API version 3709383).
LogModuleManager: Display: Found up-to-date module file ../../../Engine/Plugins/Editor/GameplayTagsEditor/Binaries/Win64/UE4Editor-GameplayTagsEditor.dll (API version 3709383).
LogModuleManager: Display: Found up-to-date module file ../../../Engine/Plugins/Editor/MobileLauncherProfileWizard/Binaries/Win64/UE4Editor-MobileLauncherProfileWizard.dll (API version 3709383).
LogModuleManager: Display: Found up-to-date module file ../../../Engine/Plugins/Editor/PluginBrowser/Binaries/Win64/UE4Editor-PluginBrowser.dll (API version 3709383).
LogModuleManager: Display: Found up-to-date module file ../../../Engine/Plugins/Editor/SpeedTreeImporter/Binaries/Win64/UE4Editor-SpeedTreeImporter.dll (API version 3709383).
LogModuleManager: Display: Found up-to-date module file ../../../Engine/Plugins/Experimental/AlembicImporter/Binaries/Win64/UE4Editor-AlembicImporter.dll (API version 3709383).
LogModuleManager: Display: Found up-to-date module file ../../../Engine/Plugins/Experimental/AlembicImporter/Binaries/Win64/UE4Editor-AlembicLibrary.dll (API version 3709383).
LogModuleManager: Display: Found up-to-date module file ../../../Engine/Plugins/Experimental/CharacterAI/Binaries/Win64/UE4Editor-CharacterAI.dll (API version 3709383).
LogModuleManager: Display: Found up-to-date module file ../../../Engine/Plugins/Experimental/HTML5Networking/Binaries/Win64/UE4Editor-HTML5Networking.dll (API version 3709383).
LogModuleManager: Display: Found up-to-date module file ../../../Engine/Plugins/Media/AndroidMedia/Binaries/Win64/UE4Editor-AndroidMediaEditor.dll (API version 3709383).
LogModuleManager: Display: Found up-to-date module file ../../../Engine/Plugins/Media/AndroidMedia/Binaries/Win64/UE4Editor-AndroidMediaFactory.dll (API version 3709383).
LogModuleManager: Display: Found up-to-date module file ../../../Engine/Plugins/Media/AvfMedia/Binaries/Win64/UE4Editor-AvfMediaEditor.dll (API version 3709383).
LogModuleManager: Display: Found up-to-date module file ../../../Engine/Plugins/Media/AvfMedia/Binaries/Win64/UE4Editor-AvfMediaFactory.dll (API version 3709383).
LogModuleManager: Display: Found up-to-date module file ../../../Engine/Plugins/Media/AvfMedia/Binaries/Win64/UE4Editor-AvfMediaFactory.dll (API version 3709383).
LogModuleManager: Display: Found up-to-date module file ../../../Engine/Plugins/Media/ImgMedia/Binaries/Win64/UE4Editor-ImgMedia.dll (API version 3709383).
LogModuleManager: Display: Found up-to-date module file ../../../Engine/Plugins/Media/ImgMedia/Binaries/Win64/UE4Editor-ImgMediaEditor.dll (API version 3709383).
LogModuleManager: Display: Found up-to-date module file ../../../Engine/Plugins/Media/ImgMedia/Binaries/Win64/UE4Editor-ImgMediaFactory.dll (API version 3709383).
LogModuleManager: Display: Found up-to-date module file ../../../Engine/Plugins/Media/ImgMedia/Binaries/Win64/UE4Editor-ImgMediaFactory.dll (API version 3709383).
LogModuleManager: Display: Found up-to-date module file ../../../Engine/Plugins/Media/ImgMedia/Binaries/Win64/UE4Editor-OpenExrWrapper.dll (API version 3709383).
LogModuleManager: Display: Found up-to-date module file ../../../Engine/Plugins/Media/MediaCompositing/Binaries/Win64/UE4Editor-MediaCompositing.dll (API version 3709383).
LogModuleManager: Display: Found up-to-date module file ../../../Engine/Plugins/Media/MediaCompositing/Binaries/Win64/UE4Editor-MediaCompositingEditor.dll (API version 3709383).
LogModuleManager: Display: Found up-to-date module file ../../../Engine/Plugins/Media/MediaPlayerEditor/Binaries/Win64/UE4Editor-MediaPlayerEditor.dll (API version 3709383).
LogModuleManager: Display: Found up-to-date module file ../../../Engine/Plugins/Media/WmfMedia/Binaries/Win64/UE4Editor-WmfMedia.dll (API version 3709383).
LogModuleManager: Display: Found up-to-date module file ../../../Engine/Plugins/Media/WmfMedia/Binaries/Win64/UE4Editor-WmfMediaEditor.dll (API version 3709383).
LogModuleManager: Display: Found up-to-date module file ../../../Engine/Plugins/Media/WmfMedia/Binaries/Win64/UE4Editor-WmfMediaFactory.dll (API version 3709383).
LogModuleManager: Display: Found up-to-date module file ../../../Engine/Plugins/Media/WmfMedia/Binaries/Win64/UE4Editor-WmfMediaFactory.dll (API version 3709383).
LogModuleManager: Display: Found up-to-date module file ../../../Engine/Plugins/Messaging/TcpMessaging/Binaries/Win64/UE4Editor-TcpMessaging.dll (API version 3709383).
LogModuleManager: Display: Found up-to-date module file ../../../Engine/Plugins/Messaging/UdpMessaging/Binaries/Win64/UE4Editor-UdpMessaging.dll (API version 3709383).
LogModuleManager: Display: Found up-to-date module file ../../../Engine/Plugins/MovieScene/ActorSequence/Binaries/Win64/UE4Editor-ActorSequence.dll (API version 3709383).
LogModuleManager: Display: Found up-to-date module file ../../../Engine/Plugins/MovieScene/LevelSequenceEditor/Binaries/Win64/UE4Editor-LevelSequenceEditor.dll (API version 3709383).
LogModuleManager: Display: Found up-to-date module file ../../../Engine/Plugins/MovieScene/MatineeToLevelSequence/Binaries/Win64/UE4Editor-MatineeToLevelSequence.dll (API version 3709383).
LogModuleManager: Display: Found up-to-date module file ../../../Engine/Plugins/Online/OnlineSubsystem/Binaries/Win64/UE4Editor-OnlineSubsystem.dll (API version 3709383).
LogModuleManager: Display: Found up-to-date module file ../../../Engine/Plugins/Runtime/AndroidPermission/Binaries/Win64/UE4Editor-AndroidPermission.dll (API version 3709383).
LogModuleManager: Display: Found up-to-date module file ../../../Engine/Plugins/Online/OnlineSubsystemNull/Binaries/Win64/UE4Editor-OnlineSubsystemNull.dll (API version 3709383).
LogModuleManager: Display: Found up-to-date module file ../../../Engine/Plugins/Online/OnlineSubsystemUtils/Binaries/Win64/UE4Editor-OnlineSubsystemUtils.dll (API version 3709383).
LogModuleManager: Display: Found up-to-date module file ../../../Engine/Plugins/Online/OnlineSubsystemUtils/Binaries/Win64/UE4Editor-OnlineBlueprintSupport.dll (API version 3709383).
LogModuleManager: Display: Found up-to-date module file ../../../Engine/Plugins/Runtime/AndroidDeviceProfileSelector/Binaries/Win64/UE4Editor-AndroidDeviceProfileSelector.dll (API version 3709383).
LogModuleManager: Display: Found up-to-date module file ../../../Engine/Plugins/Runtime/AppleARKit/Binaries/Win64/UE4Editor-AppleARKit.dll (API version 3709383).
LogModuleManager: Display: Found up-to-date module file ../../../Engine/Plugins/Runtime/ArchVisCharacter/Binaries/Win64/UE4Editor-ArchVisCharacter.dll (API version 3709383).
LogModuleManager: Display: Found up-to-date module file ../../../Engine/Plugins/Runtime/CableComponent/Binaries/Win64/UE4Editor-CableComponent.dll (API version 3709383).
LogModuleManager: Display: Found up-to-date module file ../../../Engine/Plugins/Runtime/CustomMeshComponent/Binaries/Win64/UE4Editor-CustomMeshComponent.dll (API version 3709383).
LogModuleManager: Display: Found up-to-date module file ../../../Engine/Plugins/Runtime/ExampleDeviceProfileSelector/Binaries/Win64/UE4Editor-ExampleDeviceProfileSelector.dll (API version 3709383).
LogModuleManager: Display: Found up-to-date module file ../../../Engine/Plugins/Runtime/ImmediatePhysics/Binaries/Win64/UE4Editor-ImmediatePhysics.dll (API version 3709383).
LogModuleManager: Display: Found up-to-date module file ../../../Engine/Plugins/Runtime/ImmediatePhysics/Binaries/Win64/UE4Editor-ImmediatePhysicsEditor.dll (API version 3709383).
LogModuleManager: Display: Found up-to-date module file ../../../Engine/Plugins/Runtime/LocationServicesBPLibrary/Binaries/Win64/UE4Editor-LocationServicesBPLibrary.dll (API version 3709383).
LogModuleManager: Display: Found up-to-date module file ../../../Engine/Plugins/Runtime/MobilePatchingUtils/Binaries/Win64/UE4Editor-MobilePatchingUtils.dll (API version 3709383).
LogModuleManager: Display: Found up-to-date module file ../../../Engine/Plugins/Runtime/Oculus/OculusVR/Binaries/Win64/UE4Editor-OculusHMD.dll (API version 3709383).
LogModuleManager: Display: Found up-to-date module file ../../../Engine/Plugins/Runtime/Oculus/OculusVR/Binaries/Win64/UE4Editor-OculusInput.dll (API version 3709383).
LogModuleManager: Display: Found up-to-date module file ../../../Engine/Plugins/Runtime/Oculus/OculusVR/Binaries/Win64/UE4Editor-OculusEditor.dll (API version 3709383).
LogModuleManager: Display: Found up-to-date module file ../../../Engine/Plugins/Runtime/PhysXVehicles/Binaries/Win64/UE4Editor-PhysXVehicles.dll (API version 3709383).
LogModuleManager: Display: Found up-to-date module file ../../../Engine/Plugins/Runtime/PhysXVehicles/Binaries/Win64/UE4Editor-PhysXVehiclesEditor.dll (API version 3709383).
LogModuleManager: Display: Found up-to-date module file ../../../Engine/Plugins/Runtime/ProceduralMeshComponent/Binaries/Win64/UE4Editor-ProceduralMeshComponent.dll (API version 3709383).
LogModuleManager: Display: Found up-to-date module file ../../../Engine/Plugins/Runtime/ProceduralMeshComponent/Binaries/Win64/UE4Editor-ProceduralMeshComponentEditor.dll (API version 3709383).
LogModuleManager: Display: Found up-to-date module file ../../../Engine/Plugins/Runtime/RuntimePhysXCooking/Binaries/Win64/UE4Editor-RuntimePhysXCooking.dll (API version 3709383).
LogModuleManager: Display: Found up-to-date module file ../../../Engine/Plugins/Runtime/Steam/SteamVR/Binaries/Win64/UE4Editor-SteamVR.dll (API version 3709383).
LogModuleManager: Display: Found up-to-date module file ../../../Engine/Plugins/Runtime/Steam/SteamVR/Binaries/Win64/UE4Editor-SteamVRController.dll (API version 3709383).
LogModuleManager: Display: Found up-to-date module file ../../../Engine/Plugins/Runtime/WindowsMoviePlayer/Binaries/Win64/UE4Editor-WindowsMoviePlayer.dll (API version 3709383).
LogPluginManager: Mounting plugin Paper2D
LogPluginManager: Mounting plugin LightPropagationVolume
LogPluginManager: Mounting plugin CodeLiteSourceCodeAccess
LogPluginManager: Mounting plugin GitSourceControl
LogPluginManager: Mounting plugin KDevelopSourceCodeAccess
LogPluginManager: Mounting plugin NullSourceCodeAccess
LogPluginManager: Mounting plugin PerforceSourceControl
LogPluginManager: Mounting plugin SubversionSourceControl
LogPluginManager: Mounting plugin UObjectPlugin
LogPluginManager: Mounting plugin VisualStudioCodeSourceCodeAccess
LogPluginManager: Mounting plugin VisualStudioSourceCodeAccess
LogPluginManager: Mounting plugin XCodeSourceCodeAccess
LogPluginManager: Mounting plugin AssetManagerEditor
LogPluginManager: Mounting plugin AudioCapture
LogPluginManager: Mounting plugin FacialAnimation
LogPluginManager: Mounting plugin GameplayTagsEditor
LogPluginManager: Mounting plugin MobileLauncherProfileWizard
LogPluginManager: Mounting plugin PluginBrowser
LogPluginManager: Mounting plugin SpeedTreeImporter
LogPluginManager: Mounting plugin AlembicImporter
LogPluginManager: Mounting plugin CharacterAI
LogPluginManager: Mounting plugin HTML5Networking
LogPluginManager: Mounting plugin AndroidMedia
LogPluginManager: Mounting plugin AvfMedia
LogPluginManager: Mounting plugin ImgMedia
LogPluginManager: Mounting plugin MediaCompositing
LogPluginManager: Mounting plugin MediaPlayerEditor
LogPluginManager: Mounting plugin WmfMedia
LogPluginManager: Mounting plugin TcpMessaging
LogPluginManager: Mounting plugin UdpMessaging
LogPluginManager: Mounting plugin ActorSequence
LogPluginManager: Mounting plugin LevelSequenceEditor
LogPluginManager: Mounting plugin MatineeToLevelSequence
LogPluginManager: Mounting plugin OnlineSubsystemGooglePlay
LogPluginManager: Mounting plugin OnlineSubsystemIOS
LogPluginManager: Mounting plugin OnlineSubsystem
LogPluginManager: Mounting plugin OnlineSubsystemNull
LogPluginManager: Mounting plugin OnlineSubsystemUtils
LogPluginManager: Mounting plugin AndroidDeviceProfileSelector
LogPluginManager: Mounting plugin AndroidMoviePlayer
LogPluginManager: Mounting plugin AndroidPermission
LogPluginManager: Mounting plugin AppleARKit
LogPluginManager: Mounting plugin AppleMoviePlayer
LogPluginManager: Mounting plugin ArchVisCharacter
LogPluginManager: Mounting plugin CableComponent
LogPluginManager: Mounting plugin CustomMeshComponent
LogPluginManager: Mounting plugin ExampleDeviceProfileSelector
LogPluginManager: Mounting plugin GoogleCloudMessaging
LogPluginManager: Mounting plugin ImmediatePhysics
LogPluginManager: Mounting plugin IOSDeviceProfileSelector
LogPluginManager: Mounting plugin LinuxDeviceProfileSelector
LogPluginManager: Mounting plugin LocationServicesBPLibrary
LogPluginManager: Mounting plugin MobilePatchingUtils
LogPluginManager: Mounting plugin OculusVR
LogPluginManager: Plugin shader directory ../../../Engine/Plugins/Runtime/Oculus/OculusVR/Shaders found
LogPluginManager: Mapping shader source directory ../../../Engine/Plugins/Runtime/Oculus/OculusVR/Shaders to virtual directory /Plugin/OculusVR
LogPluginManager: Mounting plugin PhysXVehicles
LogPluginManager: Mounting plugin ProceduralMeshComponent
LogPluginManager: Mounting plugin RuntimePhysXCooking
LogPluginManager: Mounting plugin SteamVR
LogPluginManager: Mounting plugin WindowsMoviePlayer
LogInit: Using libcurl 7.47.1
LogInit:  - built for x86_64-pc-win32
LogInit:  - supports SSL with OpenSSL/1.0.2g
LogInit:  - supports HTTP deflate (compression) using libz 1.2.8
LogInit:  - other features:
LogInit:      CURL_VERSION_SSL
LogInit:      CURL_VERSION_LIBZ
LogInit:      CURL_VERSION_IPV6
LogInit:      CURL_VERSION_ASYNCHDNS
LogInit:      CURL_VERSION_LARGEFILE
LogInit:      CURL_VERSION_IDN
LogInit:  CurlRequestOptions (configurable via config and command line):
LogInit:  - bVerifyPeer = false  - Libcurl will NOT verify peer certificate
LogInit:  - bUseHttpProxy = false  - Libcurl will NOT use HTTP proxy
LogInit:  - bDontReuseConnections = false  - Libcurl will reuse connections
LogInit:  - CertBundlePath = nullptr  - Libcurl will use whatever was configured at build time.
LogInit: Build: ++UE4+Release-4.18-CL-3832480
LogInit: Engine Version: 4.18.3-3832480+++UE4+Release-4.18
LogInit: Compatible Engine Version: 4.18.0-3709383+++UE4+Release-4.18
LogInit: Net CL: 3709383
LogDevObjectVersion: Number of dev versions registered: 16
LogDevObjectVersion:   Dev-Blueprints (B0D832E4-1F89-4F0D-ACCF-7EB736FD4AA2): 10
LogDevObjectVersion:   Dev-Build (E1C64328-A22C-4D53-A36C-8E866417BD8C): 0
LogDevObjectVersion:   Dev-Core (375EC13C-06E4-48FB-B500-84F0262A717E): 2
LogDevObjectVersion:   Dev-Editor (E4B068ED-F494-42E9-A231-DA0B2E46BB41): 20
LogDevObjectVersion:   Dev-Framework (CFFC743F-43B0-4480-9391-14DF171D2073): 30
LogDevObjectVersion:   Dev-Mobile (B02B49B5-BB20-44E9-A304-32B752E40360): 0
LogDevObjectVersion:   Dev-Networking (A4E4105C-59A1-49B5-A7C5-40C4547EDFEE): 0
LogDevObjectVersion:   Dev-Online (39C831C9-5AE6-47DC-9A44-9C173E1C8E7C): 0
LogDevObjectVersion:   Dev-Physics (78F01B33-EBEA-4F98-B9B4-84EACCB95AA2): 0
LogDevObjectVersion:   Dev-Platform (6631380F-2D4D-43E0-8009-CF276956A95A): 0
LogDevObjectVersion:   Dev-Rendering (12F88B9F-8875-4AFC-A67C-D90C383ABD29): 20
LogDevObjectVersion:   Dev-Sequencer (7B5AE74C-D270-4C10-A958-57980B212A5A): 4
LogDevObjectVersion:   Dev-VR (D7296918-1DD6-4BDD-9DE2-64A83CC13884): 0
LogDevObjectVersion:   Dev-LoadTimes (C2A15278-BFE7-4AFE-6C17-90FF531DF755): 1
LogDevObjectVersion:   Private-Geometry (6EACA3D4-40EC-4CC1-B786-8BED09428FC5): 1
LogDevObjectVersion:   Dev-AnimPhys (29E575DD-E0A3-4627-9D10-D276232CDCEA): 12
LogInit: Compiled (64-bit): Jan 12 2018 02:04:55
LogInit: Compiled with Visual C++: 19.00.24215.01
LogInit: Build Configuration: Development
LogInit: Branch Name: ++UE4+Release-4.18
LogInit: Command line:  
LogInit: Base directory: C:/VV/UE4/UE_4.18/Engine/Binaries/Win64/
LogInit: Installed Engine Build: 1
LogInit: Presizing for max 8388607 objects, including 0 objects not considered by GC, pre-allocating 0 bytes for permanent pool.
LogInit: Object subsystem initialized
[2018.05.15-20.12.01:495][  0]LogInit: Selected Device Profile: [Windows]
[2018.05.15-20.12.01:495][  0]LogInit: Applying CVar settings loaded from the selected device profile: [Windows]
[2018.05.15-20.12.01:534][  0]LogInit: Computer: DISPAZ
[2018.05.15-20.12.01:534][  0]LogInit: User: Vako
[2018.05.15-20.12.01:534][  0]LogInit: CPU Page size=4096, Cores=2
[2018.05.15-20.12.01:534][  0]LogInit: High frequency timer resolution =2.148436 MHz
[2018.05.15-20.12.01:535][  0]LogMemory: Memory total: Physical=7.9GB (8GB approx)
[2018.05.15-20.12.01:535][  0]LogMemory: Platform Memory Stats for Windows
[2018.05.15-20.12.01:535][  0]LogMemory: Process Physical Memory: 272.42 MB used, 272.42 MB peak
[2018.05.15-20.12.01:535][  0]LogMemory: Process Virtual Memory: 273.21 MB used, 273.21 MB peak
[2018.05.15-20.12.01:535][  0]LogMemory: Physical Memory: 5888.57 MB used,  2222.37 MB free, 8110.94 MB total
[2018.05.15-20.12.01:535][  0]LogMemory: Virtual Memory: 4774.18 MB used,  2222.37 MB free, 134217728.00 MB total
[2018.05.15-20.12.01:880][  0]LogInit: Using OS detected language (ru-RU).
[2018.05.15-20.12.01:880][  0]LogInit: Using OS detected locale (en-US).
[2018.05.15-20.12.01:935][  0]LogTextLocalizationManager: No localization for 'ru-RU' exists, so 'en' will be used for the language.
[2018.05.15-20.12.02:659][  0]LogInit: Setting process to per monitor DPI aware
[2018.05.15-20.12.06:317][  0]LogD3D11RHI: D3D11 adapters:
[2018.05.15-20.12.06:888][  0]LogD3D11RHI:    0. 'AMD Radeon(TM) R9 M375' (Feature Level 11_0)
[2018.05.15-20.12.06:888][  0]LogD3D11RHI:       2026/0/4055 MB DedicatedVideo/DedicatedSystem/SharedSystem, Outputs:1, VendorId:0x1002
[2018.05.15-20.12.06:894][  0]LogD3D11RHI:    1. 'Intel(R) HD Graphics 5500' (Feature Level 11_0)
[2018.05.15-20.12.06:894][  0]LogD3D11RHI:       128/0/4055 MB DedicatedVideo/DedicatedSystem/SharedSystem, Outputs:0, VendorId:0x8086
[2018.05.15-20.12.06:896][  0]LogD3D11RHI:    2. 'Microsoft Basic Render Driver' (Feature Level 11_0)
[2018.05.15-20.12.06:896][  0]LogD3D11RHI:       0/0/4055 MB DedicatedVideo/DedicatedSystem/SharedSystem, Outputs:0, VendorId:0x1414
[2018.05.15-20.12.06:896][  0]LogD3D11RHI: Chosen D3D11 Adapter: 0
[2018.05.15-20.12.06:905][  0]LogD3D11RHI: Creating new Direct3DDevice
[2018.05.15-20.12.06:905][  0]LogD3D11RHI:     GPU DeviceId: 0x6820 (for the marketing name, search the web for "GPU Device Id")
[2018.05.15-20.12.06:905][  0]LogWindows: EnumDisplayDevices:
[2018.05.15-20.12.06:905][  0]LogWindows:    0. 'Intel(R) HD Graphics 5500' (P:1 D:1)
[2018.05.15-20.12.06:906][  0]LogWindows:    1. 'Intel(R) HD Graphics 5500' (P:0 D:0)
[2018.05.15-20.12.06:906][  0]LogWindows:    2. 'Intel(R) HD Graphics 5500' (P:0 D:0)
[2018.05.15-20.12.06:906][  0]LogWindows: DebugString: GetVideoDriverDetailsInvalid PrimaryIsNotTheChoosenAdapter GetVideoDriverDetailsInvalid PrimaryIsNotTheChoosenAdapter GetVideoDriverDetailsInvalid PrimaryIsNotTheChoosenAdapter FoundDriverCount:0 
[2018.05.15-20.12.06:906][  0]LogD3D11RHI:     Adapter Name: AMD Radeon(TM) R9 M375
[2018.05.15-20.12.06:906][  0]LogD3D11RHI:   Driver Version: Unknown (internal:Unknown, unified:Unknown)
[2018.05.15-20.12.06:906][  0]LogD3D11RHI:      Driver Date: Unknown
[2018.05.15-20.12.06:906][  0]LogRHI: Texture pool is 1418 MB (70% of 2026 MB)
[2018.05.15-20.12.07:114][  0]LogD3D11RHI: Async texture creation enabled
[2018.05.15-20.12.07:160][  0]LogD3D11RHI: GPU Timing Frequency: 27.000000 (Debug: 2 1)
[2018.05.15-20.12.07:168][  0]LogShaderCompilers: Guid format shader working directory is 8 characters bigger than the processId version (../../../../../UE Projects/UE4-Hotline/Intermediate/Shaders/WorkingDirectory/380/).
[2018.05.15-20.12.07:168][  0]LogShaderCompilers: Cleaned the shader compiler working directory 'C:/Users/Vako/AppData/Local/Temp/UnrealShaderWorkingDir/47B7325644B50E43F109F6A66CDDAFBB/'.
[2018.05.15-20.12.07:169][  0]LogShaderCompilers: Display: Using Local Shader Compiler.
[2018.05.15-20.12.10:072][  0]LogTemp: Display: Loaded TP AllDesktopTargetPlatform
[2018.05.15-20.12.10:149][  0]LogTemp: Display: Loaded TP MacClientTargetPlatform
[2018.05.15-20.12.10:229][  0]LogTemp: Display: Loaded TP MacNoEditorTargetPlatform
[2018.05.15-20.12.10:310][  0]LogTemp: Display: Loaded TP MacServerTargetPlatform
[2018.05.15-20.12.10:394][  0]LogTemp: Display: Loaded TP MacTargetPlatform
[2018.05.15-20.12.10:471][  0]LogTemp: Display: Loaded TP WindowsClientTargetPlatform
[2018.05.15-20.12.10:550][  0]LogTemp: Display: Loaded TP WindowsNoEditorTargetPlatform
[2018.05.15-20.12.10:630][  0]LogTemp: Display: Loaded TP WindowsServerTargetPlatform
[2018.05.15-20.12.10:702][  0]LogTemp: Display: Loaded TP WindowsTargetPlatform
[2018.05.15-20.12.10:783][  0]LogTemp: Display: Loaded TP Android_ASTCTargetPlatform
[2018.05.15-20.12.10:863][  0]LogTemp: Display: Loaded TP Android_ATCTargetPlatform
[2018.05.15-20.12.10:944][  0]LogTemp: Display: Loaded TP Android_DXTTargetPlatform
[2018.05.15-20.12.11:024][  0]LogTemp: Display: Loaded TP Android_ETC1TargetPlatform
[2018.05.15-20.12.11:099][  0]LogTemp: Display: Loaded TP Android_ETC2TargetPlatform
[2018.05.15-20.12.11:259][  0]LogTemp: Display: Loaded TP Android_MultiTargetPlatform
[2018.05.15-20.12.11:259][  0]LogTemp: Display: Loaded TP Android_PVRTCTargetPlatform
[2018.05.15-20.12.11:343][  0]LogTemp: Display: Loaded TP AndroidTargetPlatform
[2018.05.15-20.12.11:407][  0]LogTemp: Display: Loaded TP HTML5TargetPlatform
[2018.05.15-20.12.11:543][  0]LogTemp: Display: Loaded TP IOSTargetPlatform
[2018.05.15-20.12.11:587][  0]LogTemp: Display: Loaded TP TVOSTargetPlatform
[2018.05.15-20.12.11:661][  0]LogTemp: Display: Loaded TP LinuxClientTargetPlatform
[2018.05.15-20.12.11:738][  0]LogTemp: Display: Loaded TP LinuxNoEditorTargetPlatform
[2018.05.15-20.12.11:817][  0]LogTemp: Display: Loaded TP LinuxServerTargetPlatform
[2018.05.15-20.12.11:905][  0]LogTemp: Display: Loaded TP LinuxTargetPlatform
[2018.05.15-20.12.11:905][  0]LogTargetPlatformManager: Display: Building Assets For Windows
[2018.05.15-20.12.12:830][  0]LogDerivedDataCache: Display: Max Cache Size: 512 MB
[2018.05.15-20.12.13:310][  0]LogDerivedDataCache: Loaded boot cache 0.48s 78MB C:/Users/Vako/AppData/Local/UnrealEngine/4.18/DerivedDataCache/Boot.ddc.
[2018.05.15-20.12.13:310][  0]LogDerivedDataCache: Display: Loaded Boot cache: C:/Users/Vako/AppData/Local/UnrealEngine/4.18/DerivedDataCache/Boot.ddc
[2018.05.15-20.12.13:310][  0]LogDerivedDataCache: FDerivedDataBackendGraph:  Pak pak cache file ../../../../../UE Projects/UE4-Hotline/DerivedDataCache/DDC.ddp not found, will not use a pak cache.
[2018.05.15-20.12.13:310][  0]LogDerivedDataCache: Unable to find inner node Pak for hierarchical cache Hierarchy.
[2018.05.15-20.12.13:310][  0]LogDerivedDataCache: FDerivedDataBackendGraph:  CompressedPak pak cache file ../../../../../UE Projects/UE4-Hotline/DerivedDataCache/Compressed.ddp not found, will not use a pak cache.
[2018.05.15-20.12.13:310][  0]LogDerivedDataCache: Unable to find inner node CompressedPak for hierarchical cache Hierarchy.
[2018.05.15-20.12.13:347][  0]LogDerivedDataCache: Display: Pak cache opened for reading ../../../Engine/DerivedDataCache/Compressed.ddp.
[2018.05.15-20.12.13:361][  0]LogDerivedDataCache: Using Local data cache path C:/Users/Vako/AppData/Local/UnrealEngine/Common/DerivedDataCache: Writable
[2018.05.15-20.12.13:381][  0]LogMaterial: Verifying Global Shaders for PCD3D_SM5
[2018.05.15-20.12.13:390][  0]LogSlate: Using Freetype 2.6.0
[2018.05.15-20.12.13:400][  0]LogSlate: SlateFontCache - WITH_FREETYPE: 1, WITH_HARFBUZZ: 1
[2018.05.15-20.12.13:401][  0]LogSlate: SlateFontCache - WITH_FREETYPE: 1, WITH_HARFBUZZ: 1
[2018.05.15-20.12.14:664][  0]LogInit: Selected Device Profile: [Windows]
[2018.05.15-20.12.15:488][  0]LogSimplygon: Simplygon DLL not present - disabling.
[2018.05.15-20.12.15:554][  0]LogMeshReduction: Using SimplygonSwarm for distributed automatic mesh merging
[2018.05.15-20.12.15:555][  0]LogMeshReduction: Using QuadricMeshReduction for automatic static mesh reduction
[2018.05.15-20.12.15:555][  0]LogMeshReduction: No automatic skeletal mesh reduction module available
[2018.05.15-20.12.15:555][  0]LogMeshReduction: No automatic mesh merging module available
[2018.05.15-20.12.15:555][  0]LogMeshMerging: No automatic mesh merging module available
[2018.05.15-20.12.15:672][  0]LogNetVersion: Hotline , NetCL: 3709383, EngineNetVer: 2, GameNetVer: 0 (Checksum: 105645086)
[2018.05.15-20.12.16:349][  0]LogAssetRegistry: FAssetRegistry took 0.0307 seconds to start up
[2018.05.15-20.12.17:981][  0]LogPackageLocalizationCache: Processed 7 localized package path(s) for 1 prioritized culture(s) in 0.052829 seconds
[2018.05.15-20.12.17:989][  0]LogUObjectArray: 35870 objects as part of root set at end of initial load.
[2018.05.15-20.12.17:989][  0]LogUObjectAllocator: 7363704 out of 0 bytes used by permanent object pool.
[2018.05.15-20.12.17:989][  0]LogUObjectArray: CloseDisregardForGC: 0/0 objects in disregard for GC pool
[2018.05.15-20.12.18:073][  0]LogInit: WinSock: version 1.1 (2.2), MaxSocks=32767, MaxUdp=65467
[2018.05.15-20.12.26:486][  0]LogTcpMessaging: Initializing TcpMessaging bridge
[2018.05.15-20.12.26:554][  0]LogUdpMessaging: Initializing bridge on interface 0.0.0.0:0 to multicast group 230.0.0.1:6666.
[2018.05.15-20.12.28:385][  0]LogMaterial: Uniform references updated for custom material expression Custom.
[2018.05.15-20.12.29:975][  0]SourceControl: Source control is disabled
[2018.05.15-20.12.29:976][  0]SourceControl: Source control is disabled
[2018.05.15-20.12.30:177][  0]SourceControl: Source control is disabled
[2018.05.15-20.12.30:289][  0]SourceControl: Source control is disabled
[2018.05.15-20.12.32:414][  0]LogAndroidPermission: UAndroidPermissionCallbackProxy::GetInstance
[2018.05.15-20.12.32:930][  0]LogOcInput: OculusInput pre-init called
[2018.05.15-20.12.33:655][  0]LogEngine: Initializing Engine...
[2018.05.15-20.12.33:668][  0]LogHMD: Failed to initialize OpenVR with code 110
[2018.05.15-20.12.34:327][  0]LogStats: UGameplayTagsManager::ConstructGameplayTagTree: Construct from data asset -  0.000 s
[2018.05.15-20.12.34:329][  0]LogStats: UGameplayTagsManager::ConstructGameplayTagTree: GameplayTagTreeChangedEvent.Broadcast -  0.001 s
[2018.05.15-20.12.34:722][  0]LogAIModule: Creating AISystem for world Untitled
[2018.05.15-20.12.34:787][  0]LogInit: XAudio2 using 'Speakers (Realtek High Definition Audio)' : 2 channels at 48 kHz using 32 bits per sample (channel mask 0x3)
[2018.05.15-20.12.34:832][  0]LogInit: FAudioDevice initialized.
[2018.05.15-20.12.34:949][  0]LogDerivedDataCache: Saved boot cache 0.11s 78MB C:/Users/Vako/AppData/Local/UnrealEngine/4.18/DerivedDataCache/Boot.ddc.
[2018.05.15-20.12.34:975][  0]LogInit: Texture streaming: Enabled
[2018.05.15-20.12.35:269][  0]LogEngineSessionManager: EngineSessionManager initialized
[2018.05.15-20.12.35:270][  0]LogEngineSessionManager: EngineSessionManager sent abnormal shutdown report. Type=AbnormalShutdown, SessionId={D010D0DB-4378-ACD7-C0F7-C5930B0DB171}
[2018.05.15-20.12.35:530][  0]LogInit: Transaction tracking system initialized
[2018.05.15-20.12.36:268][  0]BlueprintLog: New page: Editor Load
[2018.05.15-20.12.38:434][  0]LocalizationService: Localization service is disabled
[2018.05.15-20.12.39:955][  0]LogConsoleResponse: Display: 
[2018.05.15-20.12.40:912][  0]LogCook: Display: Max memory allowance for cook 16384mb min free memory 0mb
[2018.05.15-20.12.40:912][  0]LogCook: Display: Mobile HDR setting 1
[2018.05.15-20.12.40:913][  0]LogGameplayTags: Display: UGameplayTagsManager::DoneAddingNativeTags. DelegateIsBound: 0
[2018.05.15-20.12.41:739][  0]LogFileCache: Scanning file cache for directory 'C:/VV/UE Projects/UE4-Hotline/Content/' took 0.03s
[2018.05.15-20.12.43:346][  0]SourceControl: Source control is disabled
[2018.05.15-20.12.43:466][  0]LogSlate: Took 0.006907 seconds to synchronously load lazily loaded font '../../../Engine/Content/Slate/Fonts/Roboto-Regular.ttf' (155K)
[2018.05.15-20.13.08:151][  0]LogWindowsTextInputMethodSystem: Display: IME system now deactivated.
[2018.05.15-20.13.08:178][  0]LogWindowsTextInputMethodSystem: Display: IME system now deactivated.
[2018.05.15-20.13.09:519][  0]LogWindowsTextInputMethodSystem: Display: IME system now deactivated.
[2018.05.15-20.13.09:625][  0]LogWindowsTextInputMethodSystem: Display: IME system now deactivated.
[2018.05.15-20.13.09:629][  0]Cmd: MAP LOAD FILE="../../../../../UE Projects/UE4-Hotline/Content/TopDownBP/Maps/TopDownExampleMap.umap" TEMPLATE=0 SHOWPROGRESS=1 FEATURELEVEL=3
[2018.05.15-20.13.09:631][  0]LightingResults: New page: Lighting Build
[2018.05.15-20.13.09:756][  0]MapCheck: New page: Map Check
[2018.05.15-20.13.09:756][  0]LightingResults: New page: Lighting Build
[2018.05.15-20.13.12:953][  0]LogAIModule: Creating AISystem for world TopDownExampleMap
[2018.05.15-20.13.12:997][  0]AnimBlueprint: Warning: SLOTNODE: 'UpperbodyReload' in animation instance class UE4ASP_HeroTPP_AnimBlueprint_C already exists. Remove duplicates from the animation graph for this class.
[2018.05.15-20.13.13:025][  0]AnimBlueprint: Warning: SLOTNODE: 'UpperbodyReload' in animation instance class UE4ASP_HeroTPP_AnimBlueprint_C already exists. Remove duplicates from the animation graph for this class.
[2018.05.15-20.13.13:029][  0]AnimBlueprint: Warning: SLOTNODE: 'UpperbodyReload' in animation instance class UE4ASP_HeroTPP_AnimBlueprint_C already exists. Remove duplicates from the animation graph for this class.
[2018.05.15-20.13.13:083][  0]LogEditorServer: Finished looking for orphan Actors (0.000 secs)
[2018.05.15-20.13.13:122][  0]Cmd: MAP CHECKDEP NOCLEARLOG
[2018.05.15-20.13.13:257][  0]MapCheck: Map check complete: 0 Error(s), 0 Warning(s), took 134.395ms to complete.
[2018.05.15-20.13.13:257][  0]LogFileHelpers: Loading map 'TopDownExampleMap' took 3.630
[2018.05.15-20.13.13:481][  0]LogStats: Warning: MetaData mismatch. Did you assign a stat to two groups? New //STATGROUP_Threads//SplashScreenThread///Thread_222c_0///####STATCAT_Advanced#### old //STATGROUP_Threads//SplashScreenThread///Thread_2180_0///####STATCAT_Advanced####
[2018.05.15-20.13.13:481][  0]LogCollectionManager: Loaded 0 collections in 0.002730 seconds
[2018.05.15-20.13.13:612][  0]LogFileCache: Scanning file cache for directory 'C:/VV/UE Projects/UE4-Hotline/Saved/Collections/' took 0.01s
[2018.05.15-20.13.13:613][  0]LogFileCache: Scanning file cache for directory 'C:/VV/UE Projects/UE4-Hotline/Content/Developers/Vako/Collections/' took 0.01s
[2018.05.15-20.13.13:613][  0]LogFileCache: Scanning file cache for directory 'C:/VV/UE Projects/UE4-Hotline/Content/Collections/' took 0.01s
[2018.05.15-20.13.13:613][  0]LogCollectionManager: Rebuilt the GUID cache for 0 collections in 0.000000 seconds
[2018.05.15-20.13.13:626][  0]LogContentBrowser: Native class hierarchy populated in 0.0112 seconds. Added 2363 classes and 519 folders.
[2018.05.15-20.13.13:738][  0]LogContentBrowser: Native class hierarchy updated for 'WidgetCarousel' in 0.0003 seconds. Added 0 classes and 0 folders.
[2018.05.15-20.13.14:309][  0]LogContentBrowser: Native class hierarchy updated for 'AddContentDialog' in 0.0003 seconds. Added 0 classes and 0 folders.
[2018.05.15-20.13.14:402][  0]LogContentBrowser: Native class hierarchy updated for 'SceneOutliner' in 0.0004 seconds. Added 1 classes and 2 folders.
[2018.05.15-20.13.14:504][  0]LogSlate: Took 0.014197 seconds to synchronously load lazily loaded font '../../../Engine/Content/Slate/Fonts/Roboto-Bold.ttf' (160K)
[2018.05.15-20.13.14:524][  0]LogSlate: Took 0.007119 seconds to synchronously load lazily loaded font '../../../Engine/Content/Editor/Slate/Fonts/FontAwesome.ttf' (139K)
[2018.05.15-20.13.14:787][  0]LogRenderer: Reallocating scene render targets to support 884x476 Format 10 NumSamples 1 (Frame:1).
[2018.05.15-20.13.15:765][  0]LogContentBrowser: Native class hierarchy updated for 'HierarchicalLODOutliner' in 0.0005 seconds. Added 1 classes and 2 folders.
[2018.05.15-20.13.15:765][  0]LogLoad: (Engine Initialization) Total time: 80.33 seconds
[2018.05.15-20.13.15:765][  0]LogLoad: (Engine Initialization) Total Blueprint compile time: 0.00 seconds
[2018.05.15-20.13.15:766][  0]LogExternalProfiler: Found external profiler: VSPerf
[2018.05.15-20.13.15:766][  0]LogExternalProfiler: Using external profiler: VSPerf
[2018.05.15-20.13.15:822][  0]LogContentStreaming: Texture pool size now 1000 MB
[2018.05.15-20.13.15:878][  0]LogSlate: Took 0.011329 seconds to synchronously load lazily loaded font '../../../Engine/Content/Slate/Fonts/Roboto-Light.ttf' (159K)
[2018.05.15-20.13.16:410][  2]LogAssetRegistry: Asset discovery search completed in 60.0843 seconds
[2018.05.15-20.13.16:416][  2]LogCollectionManager: Rebuilt the object cache for 0 collections in 0.000000 seconds (found 0 objects)
[2018.05.15-20.13.16:416][  2]LogCollectionManager: Fixed up redirectors for 0 collections in 0.000111 seconds (updated 0 objects)
[2018.05.15-20.13.20:904][430]LogFileCache: Retrieving MD5 hashes for directory 'C:/VV/UE Projects/UE4-Hotline/Content/' took 5.11s
[2018.05.15-20.13.42:834][384]Cmd: POLY SELECT ALL
[2018.05.15-20.24.20:455][957]AnimBlueprint: Warning: SLOTNODE: 'UpperbodyReload' in animation instance class UE4ASP_HeroTPP_AnimBlueprint_C already exists. Remove duplicates from the animation graph for this class.
[2018.05.15-20.26.06:549][478]AnimBlueprint: Warning: SLOTNODE: 'UpperbodyReload' in animation instance class UE4ASP_HeroTPP_AnimBlueprint_C already exists. Remove duplicates from the animation graph for this class.
[2018.05.15-20.26.06:553][478]AnimBlueprint: Warning: SLOTNODE: 'UpperbodyReload' in animation instance class UE4ASP_HeroTPP_AnimBlueprint_C already exists. Remove duplicates from the animation graph for this class.
[2018.05.15-20.26.27:404][537]LogMaterial: Missing cached shader map for material Material_0, compiling. 
[2018.05.15-20.26.27:772][540]LogMaterial: Missing cached shader map for material Material_1, compiling. 
[2018.05.15-20.26.37:237][865]LogMaterial: Missing cached shader map for material Material_2, compiling. 
[2018.05.15-20.26.37:402][866]LogMaterial: Missing cached shader map for material Material_3, compiling. 
[2018.05.15-20.36.12:461][269]LogAnimationCompression: Building Anim DDC data for AnimSequence /Game/AnimStarterPack/Aim_Space_Ironsights.Aim_Space_Ironsights
[2018.05.15-20.36.12:462][269]LogAnimationCompression: Recompressing (AnimSequence /Game/AnimStarterPack/Aim_Space_Ironsights.Aim_Space_Ironsights) using current/default (AnimCompress_BitwiseCompressOnly_1) bFirstRecompressUsingCurrentOrDefault(1) bTryAlternateCompressor(0) IsCompressedDataValid(0)
[2018.05.15-20.36.12:479][269]LogSlate: Took 0.000222 seconds to synchronously load lazily loaded font '../../../Engine/Content/Slate/Fonts/Roboto-Light.ttf' (159K)
[2018.05.15-20.36.12:763][269]LogContentBrowser: Native class hierarchy updated for 'SkeletonEditor' in 0.0005 seconds. Added 1 classes and 2 folders.
[2018.05.15-20.36.13:002][269]LogSlate: Took 0.000209 seconds to synchronously load lazily loaded font '../../../Engine/Content/Slate/Fonts/Roboto-Regular.ttf' (155K)
[2018.05.15-20.36.13:253][269]LogActorComponent: RegisterComponentWithWorld: (/Engine/Transient.World_17:PersistentLevel.Actor_0.DebugSkelMeshComponent_0) Already registered. Aborting.
[2018.05.15-20.36.13:395][269]LogSkeletalMesh: USkeletalMeshComponent::InitArticulated : Bodies already created (/Engine/Transient.World_17:PersistentLevel.Actor_0.DebugSkelMeshComponent_0) - call TermArticulated first.
[2018.05.15-20.36.14:190][269]LogContentBrowser: Native class hierarchy updated for 'ClothingSystemEditorInterface' in 0.0004 seconds. Added 1 classes and 0 folders.
[2018.05.15-20.36.14:205][269]LogContentBrowser: Verbose: The majority of assets in the view are of type: AnimSequence
[2018.05.15-20.36.19:867][478]LogAnimationCompression: Building Anim DDC data for AnimSequence /Game/AnimStarterPack/Aim_Space_Hip.Aim_Space_Hip
[2018.05.15-20.36.19:867][478]LogAnimationCompression: Recompressing (AnimSequence /Game/AnimStarterPack/Aim_Space_Hip.Aim_Space_Hip) using current/default (AnimCompress_BitwiseCompressOnly_0) bFirstRecompressUsingCurrentOrDefault(1) bTryAlternateCompressor(0) IsCompressedDataValid(0)
[2018.05.15-20.38.07:642][ 55]LogEditorViewport: Clicking on Actor (context menu): StaticMeshActor (Floor)
[2018.05.15-20.38.50:694][764]Cmd: EDIT CUT
[2018.05.15-20.38.50:733][764]LogEditorActor: Deleted Actor: StaticMeshActor
[2018.05.15-20.38.50:766][764]LogEditorActor: Deleted 1 Actors (0.046 secs)
[2018.05.15-20.38.53:528][912]Cmd: TRANSACTION UNDO
[2018.05.15-20.38.53:528][912]LogEditorTransaction: Undo Cut
[2018.05.15-20.38.53:770][912]LogActorComponent: RegisterComponentWithWorld: (/Engine/Transient.World_17:PersistentLevel.Actor_0.DebugSkelMeshComponent_0) Already registered. Aborting.
[2018.05.15-20.38.53:780][912]LogSlate: Took 0.000306 seconds to synchronously load lazily loaded font '../../../Engine/Content/Slate/Fonts/Roboto-Light.ttf' (159K)
[2018.05.15-20.39.15:903][916]LogSavePackage: Save=41.31ms
[2018.05.15-20.39.15:903][916]LogSavePackage: Moving '../../../../../UE Projects/UE4-Hotline/Saved/Enemy_Aim_Space_HipBC3F4521446310CB9B040B97F5EFAB85.tmp' to '../../../../../UE Projects/UE4-Hotline/Content/TopDownBP/Blueprints/EnemyAIBluePrints/Animation/Enemy_Aim_Space_Hip.uasset'
[2018.05.15-20.39.15:911][916]LogSavePackage: Display: Finished SavePackage ../../../../../UE Projects/UE4-Hotline/Content/TopDownBP/Blueprints/EnemyAIBluePrints/Animation/Enemy_Aim_Space_Hip.uasset
[2018.05.15-20.40.10:750][462]LogSavePackage: Save=37.24ms
[2018.05.15-20.40.10:750][462]LogSavePackage: Moving '../../../../../UE Projects/UE4-Hotline/Saved/Enemy_Aim_Right_Hip3A43D6D84B760178978BABA3E57E89C3.tmp' to '../../../../../UE Projects/UE4-Hotline/Content/TopDownBP/Blueprints/EnemyAIBluePrints/Animation/Enemy_Aim_Right_Hip.uasset'
[2018.05.15-20.40.10:755][462]LogSavePackage: Display: Finished SavePackage ../../../../../UE Projects/UE4-Hotline/Content/TopDownBP/Blueprints/EnemyAIBluePrints/Animation/Enemy_Aim_Right_Hip.uasset
[2018.05.15-20.40.39:660][814]LogAnimationCompression: Building Anim DDC data for AnimSequence /Game/TopDownBP/Blueprints/EnemyAIBluePrints/Animation/Enemy_Aim_Right_Hip.Enemy_Aim_Right_Hip
[2018.05.15-20.40.39:661][814]LogAnimationCompression: Recompressing (AnimSequence /Engine/Transient.Enemy_Aim_Right_Hip) using current/default (AnimCompress_BitwiseCompressOnly_1) bFirstRecompressUsingCurrentOrDefault(1) bTryAlternateCompressor(0) IsCompressedDataValid(0)
[2018.05.15-20.40.51:282][321]LogAnimationCompression: Building Anim DDC data for AnimSequence /Game/TopDownBP/Blueprints/EnemyAIBluePrints/Animation/Enemy_Aim_Right_Hip.Enemy_Aim_Right_Hip
[2018.05.15-20.40.51:283][321]LogAnimationCompression: Recompressing (AnimSequence /Engine/Transient.AnimSequence_0) using current/default (AnimCompress_BitwiseCompressOnly_2) bFirstRecompressUsingCurrentOrDefault(1) bTryAlternateCompressor(0) IsCompressedDataValid(0)
[2018.05.15-20.40.58:838][663]LogSavePackage: Save=17.21ms
[2018.05.15-20.40.58:838][663]LogSavePackage: Moving '../../../../../UE Projects/UE4-Hotline/Saved/Enemy_Aim_Right_Hip5CECEB254D258075658FAB8115264477.tmp' to '../../../../../UE Projects/UE4-Hotline/Content/TopDownBP/Blueprints/EnemyAIBluePrints/Animation/Enemy_Aim_Right_Hip.uasset'
[2018.05.15-20.40.58:842][663]LogSavePackage: Display: Finished SavePackage ../../../../../UE Projects/UE4-Hotline/Content/TopDownBP/Blueprints/EnemyAIBluePrints/Animation/Enemy_Aim_Right_Hip.uasset
[2018.05.15-20.41.44:912][832]LogAnimationCompression: Building Anim DDC data for AnimSequence /Game/TopDownBP/Blueprints/EnemyAIBluePrints/Animation/Enemy_Aim_Left_Hip.Enemy_Aim_Left_Hip
[2018.05.15-20.41.44:914][832]LogAnimationCompression: Recompressing (AnimSequence /Engine/Transient.Enemy_Aim_Left_Hip) using current/default (AnimCompress_BitwiseCompressOnly_1) bFirstRecompressUsingCurrentOrDefault(1) bTryAlternateCompressor(0) IsCompressedDataValid(0)
[2018.05.15-20.41.54:053][237]LogAnimationCompression: Building Anim DDC data for AnimSequence /Game/TopDownBP/Blueprints/EnemyAIBluePrints/Animation/Enemy_Aim_Left_Hip.Enemy_Aim_Left_Hip
[2018.05.15-20.41.54:054][237]LogAnimationCompression: Recompressing (AnimSequence /Engine/Transient.AnimSequence_1) using current/default (AnimCompress_BitwiseCompressOnly_4) bFirstRecompressUsingCurrentOrDefault(1) bTryAlternateCompressor(0) IsCompressedDataValid(0)
[2018.05.15-20.41.56:529][344]LogSavePackage: Save=23.58ms
[2018.05.15-20.41.56:529][344]LogSavePackage: Moving '../../../../../UE Projects/UE4-Hotline/Saved/Enemy_Aim_Left_HipF69D1D25484248D7AD24649D1FCE0623.tmp' to '../../../../../UE Projects/UE4-Hotline/Content/TopDownBP/Blueprints/EnemyAIBluePrints/Animation/Enemy_Aim_Left_Hip.uasset'
[2018.05.15-20.41.56:532][344]LogSavePackage: Display: Finished SavePackage ../../../../../UE Projects/UE4-Hotline/Content/TopDownBP/Blueprints/EnemyAIBluePrints/Animation/Enemy_Aim_Left_Hip.uasset
[2018.05.15-20.42.21:756][471]LogFileHelpers: Editor autosave (incl. sublevels) for '/Game/TopDownBP/Maps/TopDownExampleMap' took 0.021
[2018.05.15-20.42.59:229][658]LogSavePackage: Save=8.89ms
[2018.05.15-20.42.59:229][658]LogSavePackage: Moving '../../../../../UE Projects/UE4-Hotline/Saved/Enemy_Aim_Left_Hip69693E584EBF3449F69CD2A46BB336FF.tmp' to '../../../../../UE Projects/UE4-Hotline/Content/TopDownBP/Blueprints/EnemyAIBluePrints/Animation/Enemy_Aim_Left_Hip.uasset'
[2018.05.15-20.42.59:231][658]LogSavePackage: Display: Finished SavePackage ../../../../../UE Projects/UE4-Hotline/Content/TopDownBP/Blueprints/EnemyAIBluePrints/Animation/Enemy_Aim_Left_Hip.uasset
[2018.05.15-20.44.38:527][182]Cmd: OBJ SAVEPACKAGE PACKAGE="/Game/TopDownBP/Blueprints/RiffleAimOffset" FILE="../../../../../UE Projects/UE4-Hotline/Content/TopDownBP/Blueprints/RiffleAimOffset.uasset" SILENT=true
[2018.05.15-20.44.38:550][182]LogSavePackage: Save=20.70ms
[2018.05.15-20.44.38:550][182]LogSavePackage: Moving '../../../../../UE Projects/UE4-Hotline/Saved/RiffleAimOffset657DFCE5472811E0A76EA9AE22F38FB6.tmp' to '../../../../../UE Projects/UE4-Hotline/Content/TopDownBP/Blueprints/RiffleAimOffset.uasset'
[2018.05.15-20.44.38:554][182]LogSavePackage: Display: Finished SavePackage ../../../../../UE Projects/UE4-Hotline/Content/TopDownBP/Blueprints/RiffleAimOffset.uasset
[2018.05.15-20.45.25:323][618]LogActorComponent: RegisterComponentWithWorld: (/Engine/Transient.World_24:PersistentLevel.Actor_1.DebugSkelMeshComponent_7) Already registered. Aborting.
[2018.05.15-20.45.25:408][618]LogSkeletalMesh: USkeletalMeshComponent::InitArticulated : Bodies already created (/Engine/Transient.World_24:PersistentLevel.Actor_1.DebugSkelMeshComponent_7) - call TermArticulated first.
[2018.05.15-20.45.26:163][618]LogContentBrowser: Verbose: The majority of assets in the view are of type: AnimSequence
[2018.05.15-20.45.45:129][305]LogAnimationCompression: Building Anim DDC data for AnimSequence /Game/AnimStarterPack/Crouch_Idle_Rifle_Hip.Crouch_Idle_Rifle_Hip
[2018.05.15-20.45.45:130][305]LogAnimationCompression: Recompressing (AnimSequence /Game/AnimStarterPack/Crouch_Idle_Rifle_Hip.Crouch_Idle_Rifle_Hip) using current/default (AnimCompress_BitwiseCompressOnly_2) bFirstRecompressUsingCurrentOrDefault(1) bTryAlternateCompressor(0) IsCompressedDataValid(0)
[2018.05.15-20.45.59:219][839]Cmd: OBJ SAVEPACKAGE PACKAGE="/Game/TopDownBP/Blueprints/RiffleAimOffset" FILE="../../../../../UE Projects/UE4-Hotline/Content/TopDownBP/Blueprints/RiffleAimOffset.uasset" SILENT=true
[2018.05.15-20.45.59:270][839]LogSavePackage: Save=24.62ms
[2018.05.15-20.45.59:271][839]LogSavePackage: Moving '../../../../../UE Projects/UE4-Hotline/Saved/RiffleAimOffset8A27B9624A4E4854CE0F0D980DC99A1A.tmp' to '../../../../../UE Projects/UE4-Hotline/Content/TopDownBP/Blueprints/RiffleAimOffset.uasset'
[2018.05.15-20.45.59:275][839]LogSavePackage: Display: Finished SavePackage ../../../../../UE Projects/UE4-Hotline/Content/TopDownBP/Blueprints/RiffleAimOffset.uasset
[2018.05.15-20.48.35:803][919]Cmd: OBJ SAVEPACKAGE PACKAGE="/Game/TopDownBP/Blueprints/RiffleAimOffset" FILE="../../../../../UE Projects/UE4-Hotline/Content/TopDownBP/Blueprints/RiffleAimOffset.uasset" SILENT=true
[2018.05.15-20.48.35:862][919]LogSavePackage: Save=37.43ms
[2018.05.15-20.48.35:862][919]LogSavePackage: Moving '../../../../../UE Projects/UE4-Hotline/Saved/RiffleAimOffset5362006E423E984C18F0D99CE1ADF32A.tmp' to '../../../../../UE Projects/UE4-Hotline/Content/TopDownBP/Blueprints/RiffleAimOffset.uasset'
[2018.05.15-20.48.35:869][919]LogSavePackage: Display: Finished SavePackage ../../../../../UE Projects/UE4-Hotline/Content/TopDownBP/Blueprints/RiffleAimOffset.uasset
[2018.05.15-20.48.54:911][319]LogContentBrowser: Verbose: The majority of assets in the view are of type: AimOffsetBlendSpace
[2018.05.15-20.48.55:576][353]LogContentBrowser: Verbose: The majority of assets in the view are of type: AnimSequence
[2018.05.15-20.48.56:609][405]LogContentBrowser: Verbose: The majority of assets in the view are of type: None
[2018.05.15-20.48.59:419][551]LogContentBrowser: Verbose: The majority of assets in the view are of type: AnimSequence
[2018.05.15-20.49.01:392][652]LogContentBrowser: Verbose: The majority of assets in the view are of type: None
[2018.05.15-20.49.07:240][953]LogContentBrowser: Verbose: The majority of assets in the view are of type: AnimSequence
[2018.05.15-20.49.16:554][269]LogAnimationCompression: Building Anim DDC data for AnimSequence /Game/AnimStarterPack/Idle_Rifle_Hip.Idle_Rifle_Hip
[2018.05.15-20.49.16:554][269]LogAnimationCompression: Recompressing (AnimSequence /Game/AnimStarterPack/Idle_Rifle_Hip.Idle_Rifle_Hip) using current/default (AnimCompress_BitwiseCompressOnly_30) bFirstRecompressUsingCurrentOrDefault(1) bTryAlternateCompressor(0) IsCompressedDataValid(0)
[2018.05.15-20.49.20:302][458]LogContentBrowser: Verbose: The majority of assets in the view are of type: None
