Log file open, 06/01/18 13:12:00
LogWindows: Failed to load 'aqProf.dll' (GetLastError=126)
LogWindows: File 'aqProf.dll' does not exist
LogWindows: Failed to load 'VSPerf140.dll' (GetLastError=126)
LogWindows: File 'VSPerf140.dll' does not exist
LogWindows: Failed to load 'VtuneApi.dll' (GetLastError=126)
LogWindows: File 'VtuneApi.dll' does not exist
LogWindows: Failed to load 'VtuneApi32e.dll' (GetLastError=126)
LogWindows: File 'VtuneApi32e.dll' does not exist
LogInit: Display: Running engine for game: Hotline
LogPlatformFile: Not using cached read wrapper
LogInit: Display: RandInit(1705293574) SRandInit(1705293585).
LogInit: Read version file with build ID '3709383'
LogInit: Overriding engine version to CL 3832480, compatible CL 3709383
LogInit: Registered custom module enumerator with build ID '3709383'
LogTaskGraph: Started task graph with 5 named threads and 14 total threads with 3 sets of task threads.
LogStats: Stats thread started at 0.175336
LogD3D11RHI: Aftermath initialized
LogModuleManager: Display: Found up-to-date module file ../../../Engine/Plugins/2D/Paper2D/Binaries/Win64/UE4Editor-Paper2D.dll (API version 3709383).
LogModuleManager: Display: Found up-to-date module file ../../../Engine/Plugins/2D/Paper2D/Binaries/Win64/UE4Editor-Paper2DEditor.dll (API version 3709383).
LogModuleManager: Display: Found up-to-date module file ../../../Engine/Plugins/2D/Paper2D/Binaries/Win64/UE4Editor-PaperSpriteSheetImporter.dll (API version 3709383).
LogModuleManager: Display: Found up-to-date module file ../../../Engine/Plugins/2D/Paper2D/Binaries/Win64/UE4Editor-PaperTiledImporter.dll (API version 3709383).
LogModuleManager: Display: Found up-to-date module file ../../../Engine/Plugins/2D/Paper2D/Binaries/Win64/UE4Editor-SmartSnapping.dll (API version 3709383).
LogModuleManager: Display: Found up-to-date module file ../../../Engine/Plugins/Blendables/LightPropagationVolume/Binaries/Win64/UE4Editor-LightPropagationVolumeRuntime.dll (API version 3709383).
LogModuleManager: Display: Found up-to-date module file ../../../Engine/Plugins/Blendables/LightPropagationVolume/Binaries/Win64/UE4Editor-LightPropagationVolumeEditor.dll (API version 3709383).
LogModuleManager: Display: Found up-to-date module file ../../../Engine/Plugins/Developer/GitSourceControl/Binaries/Win64/UE4Editor-GitSourceControl.dll (API version 3709383).
LogModuleManager: Display: Found up-to-date module file ../../../Engine/Plugins/Developer/PerforceSourceControl/Binaries/Win64/UE4Editor-PerforceSourceControl.dll (API version 3709383).
LogModuleManager: Display: Found up-to-date module file ../../../Engine/Plugins/Developer/SubversionSourceControl/Binaries/Win64/UE4Editor-SubversionSourceControl.dll (API version 3709383).
LogModuleManager: Display: Found up-to-date module file ../../../Engine/Plugins/Developer/UObjectPlugin/Binaries/Win64/UE4Editor-UObjectPlugin.dll (API version 3709383).
LogModuleManager: Display: Found up-to-date module file ../../../Engine/Plugins/Developer/VisualStudioCodeSourceCodeAccess/Binaries/Win64/UE4Editor-VisualStudioCodeSourceCodeAccess.dll (API version 3709383).
LogModuleManager: Display: Found up-to-date module file ../../../Engine/Plugins/Developer/VisualStudioSourceCodeAccess/Binaries/Win64/UE4Editor-VisualStudioSourceCodeAccess.dll (API version 3709383).
LogModuleManager: Display: Found up-to-date module file ../../../Engine/Plugins/Editor/AssetManagerEditor/Binaries/Win64/UE4Editor-AssetManagerEditor.dll (API version 3709383).
LogModuleManager: Display: Found up-to-date module file ../../../Engine/Plugins/Editor/AudioCapture/Binaries/Win64/UE4Editor-AudioCapture.dll (API version 3709383).
LogModuleManager: Display: Found up-to-date module file ../../../Engine/Plugins/Editor/FacialAnimation/Binaries/Win64/UE4Editor-FacialAnimation.dll (API version 3709383).
LogModuleManager: Display: Found up-to-date module file ../../../Engine/Plugins/Editor/FacialAnimation/Binaries/Win64/UE4Editor-FacialAnimationEditor.dll (API version 3709383).
LogModuleManager: Display: Found up-to-date module file ../../../Engine/Plugins/Editor/GameplayTagsEditor/Binaries/Win64/UE4Editor-GameplayTagsEditor.dll (API version 3709383).
LogModuleManager: Display: Found up-to-date module file ../../../Engine/Plugins/Editor/MobileLauncherProfileWizard/Binaries/Win64/UE4Editor-MobileLauncherProfileWizard.dll (API version 3709383).
LogModuleManager: Display: Found up-to-date module file ../../../Engine/Plugins/Editor/PluginBrowser/Binaries/Win64/UE4Editor-PluginBrowser.dll (API version 3709383).
LogModuleManager: Display: Found up-to-date module file ../../../Engine/Plugins/Editor/SpeedTreeImporter/Binaries/Win64/UE4Editor-SpeedTreeImporter.dll (API version 3709383).
LogModuleManager: Display: Found up-to-date module file ../../../Engine/Plugins/Experimental/AlembicImporter/Binaries/Win64/UE4Editor-AlembicImporter.dll (API version 3709383).
LogModuleManager: Display: Found up-to-date module file ../../../Engine/Plugins/Experimental/AlembicImporter/Binaries/Win64/UE4Editor-AlembicLibrary.dll (API version 3709383).
LogModuleManager: Display: Found up-to-date module file ../../../Engine/Plugins/Experimental/CharacterAI/Binaries/Win64/UE4Editor-CharacterAI.dll (API version 3709383).
LogModuleManager: Display: Found up-to-date module file ../../../Engine/Plugins/Experimental/HTML5Networking/Binaries/Win64/UE4Editor-HTML5Networking.dll (API version 3709383).
LogModuleManager: Display: Found up-to-date module file ../../../Engine/Plugins/Media/AndroidMedia/Binaries/Win64/UE4Editor-AndroidMediaEditor.dll (API version 3709383).
LogModuleManager: Display: Found up-to-date module file ../../../Engine/Plugins/Media/AndroidMedia/Binaries/Win64/UE4Editor-AndroidMediaFactory.dll (API version 3709383).
LogModuleManager: Display: Found up-to-date module file ../../../Engine/Plugins/Media/AvfMedia/Binaries/Win64/UE4Editor-AvfMediaEditor.dll (API version 3709383).
LogModuleManager: Display: Found up-to-date module file ../../../Engine/Plugins/Media/AvfMedia/Binaries/Win64/UE4Editor-AvfMediaFactory.dll (API version 3709383).
LogModuleManager: Display: Found up-to-date module file ../../../Engine/Plugins/Media/AvfMedia/Binaries/Win64/UE4Editor-AvfMediaFactory.dll (API version 3709383).
LogModuleManager: Display: Found up-to-date module file ../../../Engine/Plugins/Media/ImgMedia/Binaries/Win64/UE4Editor-ImgMedia.dll (API version 3709383).
LogModuleManager: Display: Found up-to-date module file ../../../Engine/Plugins/Media/ImgMedia/Binaries/Win64/UE4Editor-ImgMediaEditor.dll (API version 3709383).
LogModuleManager: Display: Found up-to-date module file ../../../Engine/Plugins/Media/ImgMedia/Binaries/Win64/UE4Editor-ImgMediaFactory.dll (API version 3709383).
LogModuleManager: Display: Found up-to-date module file ../../../Engine/Plugins/Media/ImgMedia/Binaries/Win64/UE4Editor-ImgMediaFactory.dll (API version 3709383).
LogModuleManager: Display: Found up-to-date module file ../../../Engine/Plugins/Media/ImgMedia/Binaries/Win64/UE4Editor-OpenExrWrapper.dll (API version 3709383).
LogModuleManager: Display: Found up-to-date module file ../../../Engine/Plugins/Media/MediaCompositing/Binaries/Win64/UE4Editor-MediaCompositing.dll (API version 3709383).
LogModuleManager: Display: Found up-to-date module file ../../../Engine/Plugins/Media/MediaCompositing/Binaries/Win64/UE4Editor-MediaCompositingEditor.dll (API version 3709383).
LogModuleManager: Display: Found up-to-date module file ../../../Engine/Plugins/Media/MediaPlayerEditor/Binaries/Win64/UE4Editor-MediaPlayerEditor.dll (API version 3709383).
LogModuleManager: Display: Found up-to-date module file ../../../Engine/Plugins/Media/WmfMedia/Binaries/Win64/UE4Editor-WmfMedia.dll (API version 3709383).
LogModuleManager: Display: Found up-to-date module file ../../../Engine/Plugins/Media/WmfMedia/Binaries/Win64/UE4Editor-WmfMediaEditor.dll (API version 3709383).
LogModuleManager: Display: Found up-to-date module file ../../../Engine/Plugins/Media/WmfMedia/Binaries/Win64/UE4Editor-WmfMediaFactory.dll (API version 3709383).
LogModuleManager: Display: Found up-to-date module file ../../../Engine/Plugins/Media/WmfMedia/Binaries/Win64/UE4Editor-WmfMediaFactory.dll (API version 3709383).
LogModuleManager: Display: Found up-to-date module file ../../../Engine/Plugins/Messaging/TcpMessaging/Binaries/Win64/UE4Editor-TcpMessaging.dll (API version 3709383).
LogModuleManager: Display: Found up-to-date module file ../../../Engine/Plugins/Messaging/UdpMessaging/Binaries/Win64/UE4Editor-UdpMessaging.dll (API version 3709383).
LogModuleManager: Display: Found up-to-date module file ../../../Engine/Plugins/MovieScene/ActorSequence/Binaries/Win64/UE4Editor-ActorSequence.dll (API version 3709383).
LogModuleManager: Display: Found up-to-date module file ../../../Engine/Plugins/MovieScene/LevelSequenceEditor/Binaries/Win64/UE4Editor-LevelSequenceEditor.dll (API version 3709383).
LogModuleManager: Display: Found up-to-date module file ../../../Engine/Plugins/MovieScene/MatineeToLevelSequence/Binaries/Win64/UE4Editor-MatineeToLevelSequence.dll (API version 3709383).
LogModuleManager: Display: Found up-to-date module file ../../../Engine/Plugins/Online/OnlineSubsystem/Binaries/Win64/UE4Editor-OnlineSubsystem.dll (API version 3709383).
LogModuleManager: Display: Found up-to-date module file ../../../Engine/Plugins/Runtime/AndroidPermission/Binaries/Win64/UE4Editor-AndroidPermission.dll (API version 3709383).
LogModuleManager: Display: Found up-to-date module file ../../../Engine/Plugins/Online/OnlineSubsystemNull/Binaries/Win64/UE4Editor-OnlineSubsystemNull.dll (API version 3709383).
LogModuleManager: Display: Found up-to-date module file ../../../Engine/Plugins/Online/OnlineSubsystemUtils/Binaries/Win64/UE4Editor-OnlineSubsystemUtils.dll (API version 3709383).
LogModuleManager: Display: Found up-to-date module file ../../../Engine/Plugins/Online/OnlineSubsystemUtils/Binaries/Win64/UE4Editor-OnlineBlueprintSupport.dll (API version 3709383).
LogModuleManager: Display: Found up-to-date module file ../../../Engine/Plugins/Runtime/AndroidDeviceProfileSelector/Binaries/Win64/UE4Editor-AndroidDeviceProfileSelector.dll (API version 3709383).
LogModuleManager: Display: Found up-to-date module file ../../../Engine/Plugins/Runtime/AppleARKit/Binaries/Win64/UE4Editor-AppleARKit.dll (API version 3709383).
LogModuleManager: Display: Found up-to-date module file ../../../Engine/Plugins/Runtime/ArchVisCharacter/Binaries/Win64/UE4Editor-ArchVisCharacter.dll (API version 3709383).
LogModuleManager: Display: Found up-to-date module file ../../../Engine/Plugins/Runtime/CableComponent/Binaries/Win64/UE4Editor-CableComponent.dll (API version 3709383).
LogModuleManager: Display: Found up-to-date module file ../../../Engine/Plugins/Runtime/CustomMeshComponent/Binaries/Win64/UE4Editor-CustomMeshComponent.dll (API version 3709383).
LogModuleManager: Display: Found up-to-date module file ../../../Engine/Plugins/Runtime/ExampleDeviceProfileSelector/Binaries/Win64/UE4Editor-ExampleDeviceProfileSelector.dll (API version 3709383).
LogModuleManager: Display: Found up-to-date module file ../../../Engine/Plugins/Runtime/ImmediatePhysics/Binaries/Win64/UE4Editor-ImmediatePhysics.dll (API version 3709383).
LogModuleManager: Display: Found up-to-date module file ../../../Engine/Plugins/Runtime/ImmediatePhysics/Binaries/Win64/UE4Editor-ImmediatePhysicsEditor.dll (API version 3709383).
LogModuleManager: Display: Found up-to-date module file ../../../Engine/Plugins/Runtime/LocationServicesBPLibrary/Binaries/Win64/UE4Editor-LocationServicesBPLibrary.dll (API version 3709383).
LogModuleManager: Display: Found up-to-date module file ../../../Engine/Plugins/Runtime/MobilePatchingUtils/Binaries/Win64/UE4Editor-MobilePatchingUtils.dll (API version 3709383).
LogModuleManager: Display: Found up-to-date module file ../../../Engine/Plugins/Runtime/Oculus/OculusVR/Binaries/Win64/UE4Editor-OculusHMD.dll (API version 3709383).
LogModuleManager: Display: Found up-to-date module file ../../../Engine/Plugins/Runtime/Oculus/OculusVR/Binaries/Win64/UE4Editor-OculusInput.dll (API version 3709383).
LogModuleManager: Display: Found up-to-date module file ../../../Engine/Plugins/Runtime/Oculus/OculusVR/Binaries/Win64/UE4Editor-OculusEditor.dll (API version 3709383).
LogModuleManager: Display: Found up-to-date module file ../../../Engine/Plugins/Runtime/PhysXVehicles/Binaries/Win64/UE4Editor-PhysXVehicles.dll (API version 3709383).
LogModuleManager: Display: Found up-to-date module file ../../../Engine/Plugins/Runtime/PhysXVehicles/Binaries/Win64/UE4Editor-PhysXVehiclesEditor.dll (API version 3709383).
LogModuleManager: Display: Found up-to-date module file ../../../Engine/Plugins/Runtime/ProceduralMeshComponent/Binaries/Win64/UE4Editor-ProceduralMeshComponent.dll (API version 3709383).
LogModuleManager: Display: Found up-to-date module file ../../../Engine/Plugins/Runtime/ProceduralMeshComponent/Binaries/Win64/UE4Editor-ProceduralMeshComponentEditor.dll (API version 3709383).
LogModuleManager: Display: Found up-to-date module file ../../../Engine/Plugins/Runtime/RuntimePhysXCooking/Binaries/Win64/UE4Editor-RuntimePhysXCooking.dll (API version 3709383).
LogModuleManager: Display: Found up-to-date module file ../../../Engine/Plugins/Runtime/Steam/SteamVR/Binaries/Win64/UE4Editor-SteamVR.dll (API version 3709383).
LogModuleManager: Display: Found up-to-date module file ../../../Engine/Plugins/Runtime/Steam/SteamVR/Binaries/Win64/UE4Editor-SteamVRController.dll (API version 3709383).
LogModuleManager: Display: Found up-to-date module file ../../../Engine/Plugins/Runtime/WindowsMoviePlayer/Binaries/Win64/UE4Editor-WindowsMoviePlayer.dll (API version 3709383).
LogPluginManager: Mounting plugin Paper2D
LogPluginManager: Mounting plugin LightPropagationVolume
LogPluginManager: Mounting plugin CodeLiteSourceCodeAccess
LogPluginManager: Mounting plugin GitSourceControl
LogPluginManager: Mounting plugin KDevelopSourceCodeAccess
LogPluginManager: Mounting plugin NullSourceCodeAccess
LogPluginManager: Mounting plugin PerforceSourceControl
LogPluginManager: Mounting plugin SubversionSourceControl
LogPluginManager: Mounting plugin UObjectPlugin
LogPluginManager: Mounting plugin VisualStudioCodeSourceCodeAccess
LogPluginManager: Mounting plugin VisualStudioSourceCodeAccess
LogPluginManager: Mounting plugin XCodeSourceCodeAccess
LogPluginManager: Mounting plugin AssetManagerEditor
LogPluginManager: Mounting plugin AudioCapture
LogPluginManager: Mounting plugin FacialAnimation
LogPluginManager: Mounting plugin GameplayTagsEditor
LogPluginManager: Mounting plugin MobileLauncherProfileWizard
LogPluginManager: Mounting plugin PluginBrowser
LogPluginManager: Mounting plugin SpeedTreeImporter
LogPluginManager: Mounting plugin AlembicImporter
LogPluginManager: Mounting plugin CharacterAI
LogPluginManager: Mounting plugin HTML5Networking
LogPluginManager: Mounting plugin AndroidMedia
LogPluginManager: Mounting plugin AvfMedia
LogPluginManager: Mounting plugin ImgMedia
LogPluginManager: Mounting plugin MediaCompositing
LogPluginManager: Mounting plugin MediaPlayerEditor
LogPluginManager: Mounting plugin WmfMedia
LogPluginManager: Mounting plugin TcpMessaging
LogPluginManager: Mounting plugin UdpMessaging
LogPluginManager: Mounting plugin ActorSequence
LogPluginManager: Mounting plugin LevelSequenceEditor
LogPluginManager: Mounting plugin MatineeToLevelSequence
LogPluginManager: Mounting plugin OnlineSubsystemGooglePlay
LogPluginManager: Mounting plugin OnlineSubsystemIOS
LogPluginManager: Mounting plugin OnlineSubsystem
LogPluginManager: Mounting plugin OnlineSubsystemNull
LogPluginManager: Mounting plugin OnlineSubsystemUtils
LogPluginManager: Mounting plugin AndroidDeviceProfileSelector
LogPluginManager: Mounting plugin AndroidMoviePlayer
LogPluginManager: Mounting plugin AndroidPermission
LogPluginManager: Mounting plugin AppleARKit
LogPluginManager: Mounting plugin AppleMoviePlayer
LogPluginManager: Mounting plugin ArchVisCharacter
LogPluginManager: Mounting plugin CableComponent
LogPluginManager: Mounting plugin CustomMeshComponent
LogPluginManager: Mounting plugin ExampleDeviceProfileSelector
LogPluginManager: Mounting plugin GoogleCloudMessaging
LogPluginManager: Mounting plugin ImmediatePhysics
LogPluginManager: Mounting plugin IOSDeviceProfileSelector
LogPluginManager: Mounting plugin LinuxDeviceProfileSelector
LogPluginManager: Mounting plugin LocationServicesBPLibrary
LogPluginManager: Mounting plugin MobilePatchingUtils
LogPluginManager: Mounting plugin OculusVR
LogPluginManager: Plugin shader directory ../../../Engine/Plugins/Runtime/Oculus/OculusVR/Shaders found
LogPluginManager: Mapping shader source directory ../../../Engine/Plugins/Runtime/Oculus/OculusVR/Shaders to virtual directory /Plugin/OculusVR
LogPluginManager: Mounting plugin PhysXVehicles
LogPluginManager: Mounting plugin ProceduralMeshComponent
LogPluginManager: Mounting plugin RuntimePhysXCooking
LogPluginManager: Mounting plugin SteamVR
LogPluginManager: Mounting plugin WindowsMoviePlayer
LogInit: Using libcurl 7.47.1
LogInit:  - built for x86_64-pc-win32
LogInit:  - supports SSL with OpenSSL/1.0.2g
LogInit:  - supports HTTP deflate (compression) using libz 1.2.8
LogInit:  - other features:
LogInit:      CURL_VERSION_SSL
LogInit:      CURL_VERSION_LIBZ
LogInit:      CURL_VERSION_IPV6
LogInit:      CURL_VERSION_ASYNCHDNS
LogInit:      CURL_VERSION_LARGEFILE
LogInit:      CURL_VERSION_IDN
LogInit:  CurlRequestOptions (configurable via config and command line):
LogInit:  - bVerifyPeer = false  - Libcurl will NOT verify peer certificate
LogInit:  - bUseHttpProxy = false  - Libcurl will NOT use HTTP proxy
LogInit:  - bDontReuseConnections = false  - Libcurl will reuse connections
LogInit:  - CertBundlePath = nullptr  - Libcurl will use whatever was configured at build time.
LogInit: Build: ++UE4+Release-4.18-CL-3832480
LogInit: Engine Version: 4.18.3-3832480+++UE4+Release-4.18
LogInit: Compatible Engine Version: 4.18.0-3709383+++UE4+Release-4.18
LogInit: Net CL: 3709383
LogDevObjectVersion: Number of dev versions registered: 16
LogDevObjectVersion:   Dev-Blueprints (B0D832E4-1F89-4F0D-ACCF-7EB736FD4AA2): 10
LogDevObjectVersion:   Dev-Build (E1C64328-A22C-4D53-A36C-8E866417BD8C): 0
LogDevObjectVersion:   Dev-Core (375EC13C-06E4-48FB-B500-84F0262A717E): 2
LogDevObjectVersion:   Dev-Editor (E4B068ED-F494-42E9-A231-DA0B2E46BB41): 20
LogDevObjectVersion:   Dev-Framework (CFFC743F-43B0-4480-9391-14DF171D2073): 30
LogDevObjectVersion:   Dev-Mobile (B02B49B5-BB20-44E9-A304-32B752E40360): 0
LogDevObjectVersion:   Dev-Networking (A4E4105C-59A1-49B5-A7C5-40C4547EDFEE): 0
LogDevObjectVersion:   Dev-Online (39C831C9-5AE6-47DC-9A44-9C173E1C8E7C): 0
LogDevObjectVersion:   Dev-Physics (78F01B33-EBEA-4F98-B9B4-84EACCB95AA2): 0
LogDevObjectVersion:   Dev-Platform (6631380F-2D4D-43E0-8009-CF276956A95A): 0
LogDevObjectVersion:   Dev-Rendering (12F88B9F-8875-4AFC-A67C-D90C383ABD29): 20
LogDevObjectVersion:   Dev-Sequencer (7B5AE74C-D270-4C10-A958-57980B212A5A): 4
LogDevObjectVersion:   Dev-VR (D7296918-1DD6-4BDD-9DE2-64A83CC13884): 0
LogDevObjectVersion:   Dev-LoadTimes (C2A15278-BFE7-4AFE-6C17-90FF531DF755): 1
LogDevObjectVersion:   Private-Geometry (6EACA3D4-40EC-4CC1-B786-8BED09428FC5): 1
LogDevObjectVersion:   Dev-AnimPhys (29E575DD-E0A3-4627-9D10-D276232CDCEA): 12
LogInit: Compiled (64-bit): Jan 12 2018 02:04:55
LogInit: Compiled with Visual C++: 19.00.24215.01
LogInit: Build Configuration: Development
LogInit: Branch Name: ++UE4+Release-4.18
LogInit: Command line:  
LogInit: Base directory: D:/UE_4.18/Engine/Binaries/Win64/
LogInit: Installed Engine Build: 1
LogInit: Presizing for max 8388607 objects, including 0 objects not considered by GC, pre-allocating 0 bytes for permanent pool.
LogInit: Object subsystem initialized
[2018.06.01-11.12.02:168][  0]LogInit: Selected Device Profile: [Windows]
[2018.06.01-11.12.02:168][  0]LogInit: Applying CVar settings loaded from the selected device profile: [Windows]
[2018.06.01-11.12.02:177][  0]LogInit: Computer: MAINFRAME
[2018.06.01-11.12.02:177][  0]LogInit: User: Patryk
[2018.06.01-11.12.02:177][  0]LogInit: CPU Page size=4096, Cores=4
[2018.06.01-11.12.02:177][  0]LogInit: High frequency timer resolution =14.318180 MHz
[2018.06.01-11.12.02:177][  0]LogMemory: Memory total: Physical=15.9GB (16GB approx)
[2018.06.01-11.12.02:177][  0]LogMemory: Platform Memory Stats for Windows
[2018.06.01-11.12.02:177][  0]LogMemory: Process Physical Memory: 272.58 MB used, 272.58 MB peak
[2018.06.01-11.12.02:177][  0]LogMemory: Process Virtual Memory: 265.84 MB used, 265.84 MB peak
[2018.06.01-11.12.02:177][  0]LogMemory: Physical Memory: 6041.22 MB used,  10280.98 MB free, 16322.20 MB total
[2018.06.01-11.12.02:177][  0]LogMemory: Virtual Memory: 622.76 MB used,  10280.98 MB free, 134217728.00 MB total
[2018.06.01-11.12.02:288][  0]LogInit: Using OS detected language (pl-PL).
[2018.06.01-11.12.02:288][  0]LogInit: Using OS detected locale (pl-PL).
[2018.06.01-11.12.02:291][  0]LogTextLocalizationManager: No localization for 'pl-PL' exists, so 'en' will be used for the language.
[2018.06.01-11.12.02:292][  0]LogTextLocalizationManager: No localization for 'pl-PL' exists, so 'en' will be used for the locale.
[2018.06.01-11.12.02:743][  0]LogInit: Setting process to per monitor DPI aware
[2018.06.01-11.12.03:003][  0]LogD3D11RHI: D3D11 adapters:
[2018.06.01-11.12.03:038][  0]LogD3D11RHI:    0. 'NVIDIA GeForce GTX 660' (Feature Level 11_0)
[2018.06.01-11.12.03:038][  0]LogD3D11RHI:       1970/0/8161 MB DedicatedVideo/DedicatedSystem/SharedSystem, Outputs:2, VendorId:0x10de
[2018.06.01-11.12.03:039][  0]LogD3D11RHI:    1. 'Microsoft Basic Render Driver' (Feature Level 11_0)
[2018.06.01-11.12.03:039][  0]LogD3D11RHI:       0/0/256 MB DedicatedVideo/DedicatedSystem/SharedSystem, Outputs:0, VendorId:0x1414
[2018.06.01-11.12.03:039][  0]LogD3D11RHI: Chosen D3D11 Adapter: 0
[2018.06.01-11.12.03:043][  0]LogD3D11RHI: Creating new Direct3DDevice
[2018.06.01-11.12.03:043][  0]LogD3D11RHI:     GPU DeviceId: 0x11c0 (for the marketing name, search the web for "GPU Device Id")
[2018.06.01-11.12.03:044][  0]LogWindows: EnumDisplayDevices:
[2018.06.01-11.12.03:044][  0]LogWindows:    0. 'NVIDIA GeForce GTX 660' (P:1 D:1)
[2018.06.01-11.12.03:044][  0]LogWindows:    1. 'NVIDIA GeForce GTX 660' (P:0 D:1)
[2018.06.01-11.12.03:044][  0]LogWindows:    2. 'NVIDIA GeForce GTX 660' (P:0 D:0)
[2018.06.01-11.12.03:044][  0]LogWindows:    3. 'NVIDIA GeForce GTX 660' (P:0 D:0)
[2018.06.01-11.12.03:044][  0]LogWindows: DebugString: FoundDriverCount:4 
[2018.06.01-11.12.03:044][  0]LogD3D11RHI:     Adapter Name: NVIDIA GeForce GTX 660
[2018.06.01-11.12.03:044][  0]LogD3D11RHI:   Driver Version: 391.35 (internal:23.21.13.9135, unified:391.35)
[2018.06.01-11.12.03:044][  0]LogD3D11RHI:      Driver Date: 3-23-2018
[2018.06.01-11.12.03:044][  0]LogRHI: Texture pool is 1379 MB (70% of 1970 MB)
[2018.06.01-11.12.03:061][  0]LogD3D11RHI: Async texture creation enabled
[2018.06.01-11.12.03:087][  0]LogD3D11RHI: GPU Timing Frequency: 1000.000000 (Debug: 2 2)
[2018.06.01-11.12.03:136][  0]LogShaderCompilers: Guid format shader working directory is 15 characters bigger than the processId version (../../../../Repositories/Hotline/Intermediate/Shaders/WorkingDirectory/4460/).
[2018.06.01-11.12.03:136][  0]LogShaderCompilers: Cleaned the shader compiler working directory 'C:/Users/Patryk/AppData/Local/Temp/UnrealShaderWorkingDir/81F9D5CB45D51F0698FD1AAD16E9A6B1/'.
[2018.06.01-11.12.03:136][  0]LogShaderCompilers: Display: Using Local Shader Compiler.
[2018.06.01-11.12.04:157][  0]LogTemp: Display: Loaded TP AllDesktopTargetPlatform
[2018.06.01-11.12.04:199][  0]LogTemp: Display: Loaded TP MacClientTargetPlatform
[2018.06.01-11.12.04:242][  0]LogTemp: Display: Loaded TP MacNoEditorTargetPlatform
[2018.06.01-11.12.04:288][  0]LogTemp: Display: Loaded TP MacServerTargetPlatform
[2018.06.01-11.12.04:334][  0]LogTemp: Display: Loaded TP MacTargetPlatform
[2018.06.01-11.12.04:378][  0]LogTemp: Display: Loaded TP WindowsClientTargetPlatform
[2018.06.01-11.12.04:421][  0]LogTemp: Display: Loaded TP WindowsNoEditorTargetPlatform
[2018.06.01-11.12.04:468][  0]LogTemp: Display: Loaded TP WindowsServerTargetPlatform
[2018.06.01-11.12.04:503][  0]LogTemp: Display: Loaded TP WindowsTargetPlatform
[2018.06.01-11.12.04:549][  0]LogTemp: Display: Loaded TP Android_ASTCTargetPlatform
[2018.06.01-11.12.04:594][  0]LogTemp: Display: Loaded TP Android_ATCTargetPlatform
[2018.06.01-11.12.04:640][  0]LogTemp: Display: Loaded TP Android_DXTTargetPlatform
[2018.06.01-11.12.04:684][  0]LogTemp: Display: Loaded TP Android_ETC1TargetPlatform
[2018.06.01-11.12.04:725][  0]LogTemp: Display: Loaded TP Android_ETC2TargetPlatform
[2018.06.01-11.12.04:813][  0]LogTemp: Display: Loaded TP Android_MultiTargetPlatform
[2018.06.01-11.12.04:813][  0]LogTemp: Display: Loaded TP Android_PVRTCTargetPlatform
[2018.06.01-11.12.04:858][  0]LogTemp: Display: Loaded TP AndroidTargetPlatform
[2018.06.01-11.12.04:889][  0]LogTemp: Display: Loaded TP HTML5TargetPlatform
[2018.06.01-11.12.04:968][  0]LogTemp: Display: Loaded TP IOSTargetPlatform
[2018.06.01-11.12.04:991][  0]LogTemp: Display: Loaded TP TVOSTargetPlatform
[2018.06.01-11.12.05:033][  0]LogTemp: Display: Loaded TP LinuxClientTargetPlatform
[2018.06.01-11.12.05:077][  0]LogTemp: Display: Loaded TP LinuxNoEditorTargetPlatform
[2018.06.01-11.12.05:118][  0]LogTemp: Display: Loaded TP LinuxServerTargetPlatform
[2018.06.01-11.12.05:164][  0]LogTemp: Display: Loaded TP LinuxTargetPlatform
[2018.06.01-11.12.05:164][  0]LogTargetPlatformManager: Display: Building Assets For Windows
[2018.06.01-11.12.05:546][  0]LogDerivedDataCache: Display: Max Cache Size: 512 MB
[2018.06.01-11.12.05:640][  0]LogDerivedDataCache: Loaded boot cache 0.09s 78MB C:/Users/Patryk/AppData/Local/UnrealEngine/4.18/DerivedDataCache/Boot.ddc.
[2018.06.01-11.12.05:640][  0]LogDerivedDataCache: Display: Loaded Boot cache: C:/Users/Patryk/AppData/Local/UnrealEngine/4.18/DerivedDataCache/Boot.ddc
[2018.06.01-11.12.05:640][  0]LogDerivedDataCache: FDerivedDataBackendGraph:  Pak pak cache file ../../../../Repositories/Hotline/DerivedDataCache/DDC.ddp not found, will not use a pak cache.
[2018.06.01-11.12.05:640][  0]LogDerivedDataCache: Unable to find inner node Pak for hierarchical cache Hierarchy.
[2018.06.01-11.12.05:640][  0]LogDerivedDataCache: FDerivedDataBackendGraph:  CompressedPak pak cache file ../../../../Repositories/Hotline/DerivedDataCache/Compressed.ddp not found, will not use a pak cache.
[2018.06.01-11.12.05:640][  0]LogDerivedDataCache: Unable to find inner node CompressedPak for hierarchical cache Hierarchy.
[2018.06.01-11.12.05:663][  0]LogDerivedDataCache: Display: Pak cache opened for reading ../../../Engine/DerivedDataCache/Compressed.ddp.
[2018.06.01-11.12.05:676][  0]LogDerivedDataCache: Using Local data cache path C:/Users/Patryk/AppData/Local/UnrealEngine/Common/DerivedDataCache: Writable
[2018.06.01-11.12.05:687][  0]LogMaterial: Verifying Global Shaders for PCD3D_SM5
[2018.06.01-11.12.05:687][  0]LogSlate: Using Freetype 2.6.0
[2018.06.01-11.12.05:687][  0]LogSlate: SlateFontCache - WITH_FREETYPE: 1, WITH_HARFBUZZ: 1
[2018.06.01-11.12.05:687][  0]LogSlate: SlateFontCache - WITH_FREETYPE: 1, WITH_HARFBUZZ: 1
[2018.06.01-11.12.06:100][  0]LogInit: Selected Device Profile: [Windows]
[2018.06.01-11.12.06:388][  0]LogSimplygon: Simplygon DLL not present - disabling.
[2018.06.01-11.12.06:421][  0]LogMeshReduction: Using SimplygonSwarm for distributed automatic mesh merging
[2018.06.01-11.12.06:421][  0]LogMeshReduction: Using QuadricMeshReduction for automatic static mesh reduction
[2018.06.01-11.12.06:421][  0]LogMeshReduction: No automatic skeletal mesh reduction module available
[2018.06.01-11.12.06:421][  0]LogMeshReduction: No automatic mesh merging module available
[2018.06.01-11.12.06:421][  0]LogMeshMerging: No automatic mesh merging module available
[2018.06.01-11.12.06:456][  0]LogNetVersion: Hotline , NetCL: 3709383, EngineNetVer: 2, GameNetVer: 0 (Checksum: 105645086)
[2018.06.01-11.12.06:625][  0]LogAssetRegistry: FAssetRegistry took 0.0271 seconds to start up
[2018.06.01-11.12.07:125][  0]LogPackageLocalizationCache: Processed 7 localized package path(s) for 1 prioritized culture(s) in 0.032025 seconds
[2018.06.01-11.12.07:131][  0]LogUObjectArray: 35870 objects as part of root set at end of initial load.
[2018.06.01-11.12.07:131][  0]LogUObjectAllocator: 7363704 out of 0 bytes used by permanent object pool.
[2018.06.01-11.12.07:131][  0]LogUObjectArray: CloseDisregardForGC: 0/0 objects in disregard for GC pool
[2018.06.01-11.12.07:165][  0]LogInit: WinSock: version 1.1 (2.2), MaxSocks=32767, MaxUdp=65467
[2018.06.01-11.12.09:633][  0]LogTcpMessaging: Initializing TcpMessaging bridge
[2018.06.01-11.12.09:669][  0]LogUdpMessaging: Initializing bridge on interface 0.0.0.0:0 to multicast group 230.0.0.1:6666.
[2018.06.01-11.12.10:273][  0]LogMaterial: Uniform references updated for custom material expression Custom.
[2018.06.01-11.12.10:652][  0]SourceControl: Source control is disabled
[2018.06.01-11.12.10:652][  0]SourceControl: Source control is disabled
[2018.06.01-11.12.10:701][  0]SourceControl: Source control is disabled
[2018.06.01-11.12.10:744][  0]SourceControl: Source control is disabled
[2018.06.01-11.12.11:446][  0]LogAndroidPermission: UAndroidPermissionCallbackProxy::GetInstance
[2018.06.01-11.12.11:676][  0]LogOcInput: OculusInput pre-init called
[2018.06.01-11.12.11:932][  0]LogEngine: Initializing Engine...
[2018.06.01-11.12.11:934][  0]LogHMD: Failed to initialize OpenVR with code 110
[2018.06.01-11.12.12:176][  0]LogStats: UGameplayTagsManager::ConstructGameplayTagTree: Construct from data asset -  0.000 s
[2018.06.01-11.12.12:176][  0]LogStats: UGameplayTagsManager::ConstructGameplayTagTree: GameplayTagTreeChangedEvent.Broadcast -  0.000 s
[2018.06.01-11.12.12:273][  0]LogAIModule: Creating AISystem for world Untitled
[2018.06.01-11.12.12:283][  0]LogInit: XAudio2 using 'Głośniki (Realtek High Definition Audio)' : 2 channels at 48 kHz using 32 bits per sample (channel mask 0x3)
[2018.06.01-11.12.12:294][  0]LogInit: FAudioDevice initialized.
[2018.06.01-11.12.12:375][  0]LogDerivedDataCache: Saved boot cache 0.08s 78MB C:/Users/Patryk/AppData/Local/UnrealEngine/4.18/DerivedDataCache/Boot.ddc.
[2018.06.01-11.12.12:380][  0]LogInit: Texture streaming: Enabled
[2018.06.01-11.12.12:447][  0]LogEngineSessionManager: EngineSessionManager initialized
[2018.06.01-11.12.12:542][  0]LogInit: Transaction tracking system initialized
[2018.06.01-11.12.12:781][  0]BlueprintLog: New page: Editor Load
[2018.06.01-11.12.13:452][  0]LocalizationService: Localization service is disabled
[2018.06.01-11.12.14:028][  0]LogConsoleResponse: Display: 
[2018.06.01-11.12.14:210][  0]LogCook: Display: Max memory allowance for cook 16384mb min free memory 0mb
[2018.06.01-11.12.14:210][  0]LogCook: Display: Mobile HDR setting 1
[2018.06.01-11.12.14:210][  0]LogGameplayTags: Display: UGameplayTagsManager::DoneAddingNativeTags. DelegateIsBound: 0
[2018.06.01-11.12.14:905][  0]LogFileCache: Scanning file cache for directory 'D:/Repositories/Hotline/Content/' took 0.02s
[2018.06.01-11.12.15:193][  0]SourceControl: Source control is disabled
[2018.06.01-11.12.15:193][  0]Cmd: MAP LOAD FILE="../../../../Repositories/Hotline/Content/TopDownBP/Maps/TopDownExampleMap.umap" TEMPLATE=0 SHOWPROGRESS=1 FEATURELEVEL=3
[2018.06.01-11.12.15:194][  0]LightingResults: New page: Lighting Build
[2018.06.01-11.12.15:226][  0]MapCheck: New page: Map Check
[2018.06.01-11.12.15:226][  0]LightingResults: New page: Lighting Build
[2018.06.01-11.12.17:060][  0]LogAIModule: Creating AISystem for world TopDownExampleMap
[2018.06.01-11.12.17:072][  0]AnimBlueprint: Warning: SLOTNODE: 'UpperbodyReload' in animation instance class UE4ASP_HeroTPP_AnimBlueprint_C already exists. Remove duplicates from the animation graph for this class.
[2018.06.01-11.12.17:087][  0]AnimBlueprint: Warning: SLOTNODE: 'UpperbodyReload' in animation instance class UE4ASP_HeroTPP_AnimBlueprint_C already exists. Remove duplicates from the animation graph for this class.
[2018.06.01-11.12.17:088][  0]AnimBlueprint: Warning: SLOTNODE: 'UpperbodyReload' in animation instance class UE4ASP_HeroTPP_AnimBlueprint_C already exists. Remove duplicates from the animation graph for this class.
[2018.06.01-11.12.17:089][  0]AnimBlueprint: Warning: SLOTNODE: 'UpperbodyReload' in animation instance class UE4ASP_HeroTPP_AnimBlueprint_C already exists. Remove duplicates from the animation graph for this class.
[2018.06.01-11.12.17:107][  0]LogEditorServer: Finished looking for orphan Actors (0.000 secs)
[2018.06.01-11.12.17:127][  0]Cmd: MAP CHECKDEP NOCLEARLOG
[2018.06.01-11.12.17:192][  0]MapCheck: Map check complete: 0 Error(s), 0 Warning(s), took 65.482ms to complete.
[2018.06.01-11.12.17:192][  0]LogFileHelpers: Loading map 'TopDownExampleMap' took 1.999
[2018.06.01-11.12.17:335][  0]LogCollectionManager: Loaded 0 collections in 0.001610 seconds
[2018.06.01-11.12.17:405][  0]LogFileCache: Scanning file cache for directory 'D:/Repositories/Hotline/Saved/Collections/' took 0.01s
[2018.06.01-11.12.17:405][  0]LogFileCache: Scanning file cache for directory 'D:/Repositories/Hotline/Content/Developers/Patryk/Collections/' took 0.01s
[2018.06.01-11.12.17:405][  0]LogFileCache: Scanning file cache for directory 'D:/Repositories/Hotline/Content/Collections/' took 0.01s
[2018.06.01-11.12.17:405][  0]LogCollectionManager: Rebuilt the GUID cache for 0 collections in 0.000001 seconds
[2018.06.01-11.12.17:414][  0]LogContentBrowser: Native class hierarchy populated in 0.0086 seconds. Added 2363 classes and 519 folders.
[2018.06.01-11.12.17:461][  0]LogContentBrowser: Native class hierarchy updated for 'WidgetCarousel' in 0.0002 seconds. Added 0 classes and 0 folders.
[2018.06.01-11.12.17:505][  0]LogContentBrowser: Native class hierarchy updated for 'AddContentDialog' in 0.0003 seconds. Added 0 classes and 0 folders.
[2018.06.01-11.12.17:549][  0]LogContentBrowser: Native class hierarchy updated for 'SceneOutliner' in 0.0003 seconds. Added 1 classes and 2 folders.
[2018.06.01-11.12.17:626][  0]LogSlate: Took 0.000230 seconds to synchronously load lazily loaded font '../../../Engine/Content/Slate/Fonts/Roboto-Regular.ttf' (155K)
[2018.06.01-11.12.17:628][  0]LogSlate: Took 0.000240 seconds to synchronously load lazily loaded font '../../../Engine/Content/Slate/Fonts/Roboto-Bold.ttf' (160K)
[2018.06.01-11.12.17:632][  0]LogSlate: Took 0.000185 seconds to synchronously load lazily loaded font '../../../Engine/Content/Editor/Slate/Fonts/FontAwesome.ttf' (139K)
[2018.06.01-11.12.17:734][  0]LogRenderer: Reallocating scene render targets to support 1300x580 Format 10 NumSamples 1 (Frame:1).
[2018.06.01-11.12.18:022][  0]LogContentBrowser: Native class hierarchy updated for 'HierarchicalLODOutliner' in 0.0003 seconds. Added 1 classes and 2 folders.
[2018.06.01-11.12.18:022][  0]LogLoad: (Engine Initialization) Total time: 18.27 seconds
[2018.06.01-11.12.18:022][  0]LogLoad: (Engine Initialization) Total Blueprint compile time: 0.00 seconds
[2018.06.01-11.12.18:022][  0]LogExternalProfiler: No external profilers were discovered.  External profiling features will not be available.
[2018.06.01-11.12.18:069][  0]LogContentStreaming: Texture pool size now 1000 MB
[2018.06.01-11.12.18:118][  0]LogSlate: Took 0.000178 seconds to synchronously load lazily loaded font '../../../Engine/Content/Slate/Fonts/Roboto-Light.ttf' (159K)
[2018.06.01-11.12.18:144][  1]LogAssetRegistry: Asset discovery search completed in 11.5421 seconds
[2018.06.01-11.12.18:148][  1]LogCollectionManager: Rebuilt the object cache for 0 collections in 0.000001 seconds (found 0 objects)
[2018.06.01-11.12.18:148][  1]LogCollectionManager: Fixed up redirectors for 0 collections in 0.000065 seconds (updated 0 objects)
[2018.06.01-11.12.21:953][400]LogEditorViewport: Clicking on Actor (LMB): StaticMeshActor (floor20)
[2018.06.01-11.12.23:132][517]LogFileCache: Retrieving MD5 hashes for directory 'D:/Repositories/Hotline/Content/' took 5.09s
[2018.06.01-11.12.28:027][ 10]LogEditorViewport: Clicking on Actor (LMB): Enemy_C (Enemy2)
[2018.06.01-11.12.37:212][898]LogEditorViewport: Clicking on Actor (LMB): Enemy_C (Enemy4)
[2018.06.01-11.12.46:037][816]LogTemp: Repeating last play command: Selected Viewport
[2018.06.01-11.12.46:098][816]LogBlueprintUserMessages: Early PlayInEditor Detection: Level '/Game/TopDownBP/Maps/TopDownExampleMap.TopDownExampleMap:PersistentLevel' has LevelScriptBlueprint '/Game/TopDownBP/Maps/TopDownExampleMap.TopDownExampleMap:PersistentLevel.TopDownExampleMap' with GeneratedClass '/Game/TopDownBP/Maps/TopDownExampleMap.TopDownExampleMap_C' with ClassGeneratedBy '/Game/TopDownBP/Maps/TopDownExampleMap.TopDownExampleMap:PersistentLevel.TopDownExampleMap'
[2018.06.01-11.12.46:098][816]LogPlayLevel: PlayLevel: No blueprints needed recompiling
[2018.06.01-11.12.46:098][816]PIE: New page: PIE session: TopDownExampleMap (Jun 1, 2018, 3:12:46 PM)
[2018.06.01-11.12.46:099][816]LogPlayLevel: Creating play world package: /Game/TopDownBP/Maps/UEDPIE_0_TopDownExampleMap
[2018.06.01-11.12.46:131][816]LogPlayLevel: PIE: StaticDuplicateObject took: (0.032735s)
[2018.06.01-11.12.46:132][816]LogAIModule: Creating AISystem for world TopDownExampleMap
[2018.06.01-11.12.46:132][816]LogPlayLevel: PIE: World Init took: (0.000926s)
[2018.06.01-11.12.46:133][816]LogPlayLevel: PIE: Created PIE world by copying editor world from /Game/TopDownBP/Maps/TopDownExampleMap.TopDownExampleMap to /Game/TopDownBP/Maps/UEDPIE_0_TopDownExampleMap.TopDownExampleMap (0.034072s)
[2018.06.01-11.12.46:154][816]LogInit: XAudio2 using 'Głośniki (Realtek High Definition Audio)' : 2 channels at 48 kHz using 32 bits per sample (channel mask 0x3)
[2018.06.01-11.12.46:166][816]LogInit: FAudioDevice initialized.
[2018.06.01-11.12.46:212][816]LogLoad: Game class is 'TopDownGameMode_C'
[2018.06.01-11.12.46:217][816]AnimBlueprint: Warning: SLOTNODE: 'UpperbodyReload' in animation instance class UE4ASP_HeroTPP_AnimBlueprint_C already exists. Remove duplicates from the animation graph for this class.
[2018.06.01-11.12.46:218][816]AnimBlueprint: Warning: SLOTNODE: 'UpperbodyReload' in animation instance class UE4ASP_HeroTPP_AnimBlueprint_C already exists. Remove duplicates from the animation graph for this class.
[2018.06.01-11.12.46:219][816]AnimBlueprint: Warning: SLOTNODE: 'UpperbodyReload' in animation instance class UE4ASP_HeroTPP_AnimBlueprint_C already exists. Remove duplicates from the animation graph for this class.
[2018.06.01-11.12.46:219][816]AnimBlueprint: Warning: SLOTNODE: 'UpperbodyReload' in animation instance class UE4ASP_HeroTPP_AnimBlueprint_C already exists. Remove duplicates from the animation graph for this class.
[2018.06.01-11.12.46:220][816]LogWorld: Bringing World /Game/TopDownBP/Maps/UEDPIE_0_TopDownExampleMap.TopDownExampleMap up for play (max tick rate 0) at 2018.06.01-13.12.46
[2018.06.01-11.12.46:222][816]LogWorld: Bringing up level for play took: 0.008431
[2018.06.01-11.12.46:253][816]LogContentBrowser: Native class hierarchy updated for 'MovieSceneCapture' in 0.0003 seconds. Added 11 classes and 0 folders.
[2018.06.01-11.12.46:253][816]AnimBlueprint: Warning: SLOTNODE: 'UpperbodyReload' in animation instance class UE4ASP_HeroTPP_AnimBlueprint_C already exists. Remove duplicates from the animation graph for this class.
[2018.06.01-11.12.46:259][816]PIE: Play in editor start time for /Game/TopDownBP/Maps/UEDPIE_0_TopDownExampleMap 0.02
[2018.06.01-11.12.46:260][816]LogBlueprintUserMessages: Late PlayInEditor Detection: Level '/Game/TopDownBP/Maps/TopDownExampleMap.TopDownExampleMap:PersistentLevel' has LevelScriptBlueprint '/Game/TopDownBP/Maps/TopDownExampleMap.TopDownExampleMap:PersistentLevel.TopDownExampleMap' with GeneratedClass '/Game/TopDownBP/Maps/TopDownExampleMap.TopDownExampleMap_C' with ClassGeneratedBy '/Game/TopDownBP/Maps/TopDownExampleMap.TopDownExampleMap:PersistentLevel.TopDownExampleMap'
[2018.06.01-11.13.20:069][765]LogBlueprintUserMessages: Early EndPlayMap Detection: Level '/Game/TopDownBP/Maps/TopDownExampleMap.TopDownExampleMap:PersistentLevel' has LevelScriptBlueprint '/Game/TopDownBP/Maps/TopDownExampleMap.TopDownExampleMap:PersistentLevel.TopDownExampleMap' with GeneratedClass '/Game/TopDownBP/Maps/TopDownExampleMap.TopDownExampleMap_C' with ClassGeneratedBy '/Game/TopDownBP/Maps/TopDownExampleMap.TopDownExampleMap:PersistentLevel.TopDownExampleMap'
[2018.06.01-11.13.20:102][765]LogBlueprintUserMessages: Late EndPlayMap Detection: Level '/Game/TopDownBP/Maps/TopDownExampleMap.TopDownExampleMap:PersistentLevel' has LevelScriptBlueprint '/Game/TopDownBP/Maps/TopDownExampleMap.TopDownExampleMap:PersistentLevel.TopDownExampleMap' with GeneratedClass '/Game/TopDownBP/Maps/TopDownExampleMap.TopDownExampleMap_C' with ClassGeneratedBy '/Game/TopDownBP/Maps/TopDownExampleMap.TopDownExampleMap:PersistentLevel.TopDownExampleMap'
[2018.06.01-11.13.21:295][896]LogEditorViewport: Clicking on Actor (LMB): AK-47_Ammo_BP_C (AK-47_Ammo_BP3)
[2018.06.01-11.13.26:211][420]LogSlate: Took 0.000221 seconds to synchronously load lazily loaded font '../../../Engine/Content/Editor/Slate/Fonts/Roboto-Italic.ttf' (157K)
[2018.06.01-11.13.31:605][865]LogSlate: Took 0.000251 seconds to synchronously load lazily loaded font '../../../Engine/Content/Slate/Fonts/Roboto-Light.ttf' (159K)
[2018.06.01-11.13.31:619][865]Cmd: OBJ SAVEPACKAGE PACKAGE="/Game/TopDownBP/Maps/TopDownExampleMap" FILE="../../../../Repositories/Hotline/Content/TopDownBP/Maps/TopDownExampleMap.umap" SILENT=true AUTOSAVING=false KEEPDIRTY=false
[2018.06.01-11.13.32:079][865]LogSavePackage: Save=427.31ms
[2018.06.01-11.13.32:079][865]LogSavePackage: Moving '../../../../Repositories/Hotline/Saved/TopDownExampleMapFA6DC1534A5C2F506D8F55B12AF3AC10.tmp' to '../../../../Repositories/Hotline/Content/TopDownBP/Maps/TopDownExampleMap.umap'
[2018.06.01-11.13.32:083][865]LogSavePackage: Display: Finished SavePackage ../../../../Repositories/Hotline/Content/TopDownBP/Maps/TopDownExampleMap.umap
[2018.06.01-11.13.32:142][865]Cmd: OBJ SAVEPACKAGE PACKAGE="/Game/TopDownBP/Maps/TopDownExampleMap_BuiltData" FILE="../../../../Repositories/Hotline/Content/TopDownBP/Maps/TopDownExampleMap_BuiltData.uasset" SILENT=true
[2018.06.01-11.13.32:374][865]LogSavePackage: Save=224.95ms
[2018.06.01-11.13.32:374][865]LogSavePackage: Moving '../../../../Repositories/Hotline/Saved/TopDownExampleMap_BuiltData10A76CB64FA03758A86F43AC3CE88C41.tmp' to '../../../../Repositories/Hotline/Content/TopDownBP/Maps/TopDownExampleMap_BuiltData.uasset'
[2018.06.01-11.13.32:375][865]LogSavePackage: Display: Finished SavePackage ../../../../Repositories/Hotline/Content/TopDownBP/Maps/TopDownExampleMap_BuiltData.uasset
[2018.06.01-11.13.33:061][938]LogEditorViewport: Clicking on Actor (LMB): AK-47_Ammo_BP_2_C (AK-47_Ammo_BP_2)
[2018.06.01-11.13.47:843][538]LogEditorViewport: Clicking on Actor (LMB): AK-47_Ammo_BP_C (AK-47_Ammo_BP2)
[2018.06.01-11.13.54:177][218]LogEditorViewport: Clicking on Actor (LMB): AK-47_Ammo_BP_2_C (AK-47_Ammo_BP_2)
[2018.06.01-11.14.05:428][448]LogEditorViewport: Clicking on Actor (LMB): AK-47_Ammo_BP_C (AK-47_Ammo_BP2)
[2018.06.01-11.14.09:486][878]Cmd: OBJ SAVEPACKAGE PACKAGE="/Game/TopDownBP/Maps/TopDownExampleMap" FILE="../../../../Repositories/Hotline/Content/TopDownBP/Maps/TopDownExampleMap.umap" SILENT=true AUTOSAVING=false KEEPDIRTY=false
[2018.06.01-11.14.09:906][878]LogSavePackage: Save=405.75ms
[2018.06.01-11.14.09:906][878]LogSavePackage: Moving '../../../../Repositories/Hotline/Saved/TopDownExampleMap50EAB10E4A4211086B08FF8FD32BEDF5.tmp' to '../../../../Repositories/Hotline/Content/TopDownBP/Maps/TopDownExampleMap.umap'
[2018.06.01-11.14.09:909][878]LogSavePackage: Display: Finished SavePackage ../../../../Repositories/Hotline/Content/TopDownBP/Maps/TopDownExampleMap.umap
[2018.06.01-11.14.09:965][878]Cmd: OBJ SAVEPACKAGE PACKAGE="/Game/TopDownBP/Maps/TopDownExampleMap_BuiltData" FILE="../../../../Repositories/Hotline/Content/TopDownBP/Maps/TopDownExampleMap_BuiltData.uasset" SILENT=true
[2018.06.01-11.14.10:132][878]LogSavePackage: Save=161.38ms
[2018.06.01-11.14.10:132][878]LogSavePackage: Moving '../../../../Repositories/Hotline/Saved/TopDownExampleMap_BuiltData2AFED70F4EF6ED86E06B77876AF3C32F.tmp' to '../../../../Repositories/Hotline/Content/TopDownBP/Maps/TopDownExampleMap_BuiltData.uasset'
[2018.06.01-11.14.10:134][878]LogSavePackage: Display: Finished SavePackage ../../../../Repositories/Hotline/Content/TopDownBP/Maps/TopDownExampleMap_BuiltData.uasset
[2018.06.01-11.14.10:972][967]LogEditorViewport: Clicking on Actor (LMB): AK-47_Ammo_BP_C (AK-47_Ammo_BP)
[2018.06.01-11.14.12:613][141]LogEditorViewport: Clicking on Actor (LMB): AK-47_Ammo_BP_C (AK-47_Ammo_BP3)
[2018.06.01-11.14.14:029][291]LogEditorViewport: Clicking on Actor (LMB): AK-47_Ammo_BP_C (AK-47_Ammo_BP4)
[2018.06.01-11.14.17:096][616]LogEditorViewport: Clicking on Actor (LMB): StaticMeshActor (floor11)
[2018.06.01-11.14.17:680][672]LogEditorViewport: Clicking on Actor (LMB): StaticMeshActor (floor11)
[2018.06.01-11.14.18:244][731]LogEditorViewport: Clicking on Actor (LMB): AK-47_Ammo_BP_C (AK-47_Ammo_BP)
[2018.06.01-11.14.22:071][140]LogEditorViewport: Clicking on Actor (LMB): AK-47_Ammo_BP_C (AK-47_Ammo_BP4)
[2018.06.01-11.14.22:364][167]Cmd: DELETE
[2018.06.01-11.14.22:365][167]Cmd: ACTOR DELETE
[2018.06.01-11.14.22:372][167]LogEditorActor: Deleted Actor: AK-47_Ammo_BP_C
[2018.06.01-11.14.22:382][167]LogEditorActor: Deleted 1 Actors (0.017 secs)
[2018.06.01-11.14.27:750][729]LogContentBrowser: Native class hierarchy updated for 'BlueprintGraph' in 0.0006 seconds. Added 116 classes and 0 folders.
[2018.06.01-11.14.28:466][729]LogSlate: Took 0.000167 seconds to synchronously load lazily loaded font '../../../Engine/Content/Slate/Fonts/Roboto-Regular.ttf' (155K)
[2018.06.01-11.14.28:532][729]LogSlate: Took 0.000194 seconds to synchronously load lazily loaded font '../../../Engine/Content/Editor/Slate/Fonts/Roboto-BoldCondensed.ttf' (158K)
[2018.06.01-11.14.33:831][176]BlueprintLog: New page: Compile AK-47_Ammo_BP
[2018.06.01-11.14.34:824][202]Cmd: OBJ SAVEPACKAGE PACKAGE="/Game/Pickable/AK-47_Ammo_BP" FILE="../../../../Repositories/Hotline/Content/Pickable/AK-47_Ammo_BP.uasset" SILENT=true
[2018.06.01-11.14.34:909][202]LogSavePackage: Save=78.43ms
[2018.06.01-11.14.34:909][202]LogSavePackage: Moving '../../../../Repositories/Hotline/Saved/AK-47_Ammo_BPD1AC965A4AA3331A41BAA2A04F48D82E.tmp' to '../../../../Repositories/Hotline/Content/Pickable/AK-47_Ammo_BP.uasset'
[2018.06.01-11.14.34:912][202]LogSavePackage: Display: Finished SavePackage ../../../../Repositories/Hotline/Content/Pickable/AK-47_Ammo_BP.uasset
[2018.06.01-11.14.36:990][408]LogEditorViewport: Clicking on Actor (LMB): AK-47_Ammo_BP_2_C (AK-47_Ammo_BP_2)
[2018.06.01-11.14.48:191][275]BlueprintLog: New page: Compile AK-47_Ammo_BP_2
[2018.06.01-11.14.49:107][297]Cmd: OBJ SAVEPACKAGE PACKAGE="/Game/Pickable/MediumAmmoBox/AK-47_Ammo_BP_2" FILE="../../../../Repositories/Hotline/Content/Pickable/MediumAmmoBox/AK-47_Ammo_BP_2.uasset" SILENT=true
[2018.06.01-11.14.49:194][297]LogSavePackage: Save=82.31ms
[2018.06.01-11.14.49:194][297]LogSavePackage: Moving '../../../../Repositories/Hotline/Saved/AK-47_Ammo_BP_22A772EE24EBB1650F5F67EBE2580B3A6.tmp' to '../../../../Repositories/Hotline/Content/Pickable/MediumAmmoBox/AK-47_Ammo_BP_2.uasset'
[2018.06.01-11.14.49:196][297]LogSavePackage: Display: Finished SavePackage ../../../../Repositories/Hotline/Content/Pickable/MediumAmmoBox/AK-47_Ammo_BP_2.uasset
[2018.06.01-11.15.00:769][500]LogEditorViewport: Clicking on Actor (LMB): Enemy_C (Enemy4)
[2018.06.01-11.15.50:192][520]Cmd: OBJ SAVEPACKAGE PACKAGE="/Game/TopDownBP/Maps/TopDownExampleMap" FILE="../../../../Repositories/Hotline/Content/TopDownBP/Maps/TopDownExampleMap.umap" SILENT=true AUTOSAVING=false KEEPDIRTY=false
[2018.06.01-11.15.50:680][520]LogSavePackage: Save=464.46ms
[2018.06.01-11.15.50:680][520]LogSavePackage: Moving '../../../../Repositories/Hotline/Saved/TopDownExampleMap39856CA749711C27DAB420A467BA3461.tmp' to '../../../../Repositories/Hotline/Content/TopDownBP/Maps/TopDownExampleMap.umap'
[2018.06.01-11.15.50:683][520]LogSavePackage: Display: Finished SavePackage ../../../../Repositories/Hotline/Content/TopDownBP/Maps/TopDownExampleMap.umap
[2018.06.01-11.15.50:742][520]Cmd: OBJ SAVEPACKAGE PACKAGE="/Game/TopDownBP/Maps/TopDownExampleMap_BuiltData" FILE="../../../../Repositories/Hotline/Content/TopDownBP/Maps/TopDownExampleMap_BuiltData.uasset" SILENT=true
[2018.06.01-11.15.50:956][520]LogSavePackage: Save=211.36ms
[2018.06.01-11.15.50:956][520]LogSavePackage: Moving '../../../../Repositories/Hotline/Saved/TopDownExampleMap_BuiltData410F94094755ABA8FC6A0BB0CA9A034F.tmp' to '../../../../Repositories/Hotline/Content/TopDownBP/Maps/TopDownExampleMap_BuiltData.uasset'
[2018.06.01-11.15.50:958][520]LogSavePackage: Display: Finished SavePackage ../../../../Repositories/Hotline/Content/TopDownBP/Maps/TopDownExampleMap_BuiltData.uasset
[2018.06.01-11.16.20:978][233]LogMetaData: Removing '/Game/Pickable/AK-47_Ammo_BP_2.AK-47_Ammo_BP_2_C' ref from Metadata '/Game/Pickable/MediumAmmoBox/AK-47_Ammo_BP_2.PackageMetaData'
[2018.06.01-11.16.20:978][233]LogMetaData: Removing '/Game/Pickable/AK-47_Ammo_BP_2.SKEL_AK-47_Ammo_BP_2_C' ref from Metadata '/Game/Pickable/MediumAmmoBox/AK-47_Ammo_BP_2.PackageMetaData'
[2018.06.01-11.16.20:978][233]LogMetaData: Removing '/Game/Pickable/AK-47_Ammo_BP_2.SKEL_AK-47_Ammo_BP_2_C:ReceiveBeginPlay' ref from Metadata '/Game/Pickable/MediumAmmoBox/AK-47_Ammo_BP_2.PackageMetaData'
[2018.06.01-11.16.20:978][233]LogMetaData: Removing '/Game/Pickable/AK-47_Ammo_BP_2.SKEL_AK-47_Ammo_BP_2_C:ReceiveActorBeginOverlap' ref from Metadata '/Game/Pickable/MediumAmmoBox/AK-47_Ammo_BP_2.PackageMetaData'
[2018.06.01-11.16.20:978][233]LogMetaData: Removing '/Game/Pickable/AK-47_Ammo_BP_2.SKEL_AK-47_Ammo_BP_2_C:ReceiveTick' ref from Metadata '/Game/Pickable/MediumAmmoBox/AK-47_Ammo_BP_2.PackageMetaData'
[2018.06.01-11.16.20:978][233]LogMetaData: Removing '/Game/Pickable/AK-47_Ammo_BP_2.SKEL_AK-47_Ammo_BP_2_C:Ammo' ref from Metadata '/Game/Pickable/MediumAmmoBox/AK-47_Ammo_BP_2.PackageMetaData'
[2018.06.01-11.16.20:978][233]LogMetaData: Removing '/Game/Pickable/AK-47_Ammo_BP_2.SKEL_AK-47_Ammo_BP_2_C:UpAndDown' ref from Metadata '/Game/Pickable/MediumAmmoBox/AK-47_Ammo_BP_2.PackageMetaData'
[2018.06.01-11.16.20:978][233]LogMetaData: Removing '/Game/Pickable/AK-47_Ammo_BP_2.SKEL_AK-47_Ammo_BP_2_C:Trigger' ref from Metadata '/Game/Pickable/MediumAmmoBox/AK-47_Ammo_BP_2.PackageMetaData'
[2018.06.01-11.16.20:978][233]LogMetaData: Removing '/Game/Pickable/AK-47_Ammo_BP_2.SKEL_AK-47_Ammo_BP_2_C:Box' ref from Metadata '/Game/Pickable/MediumAmmoBox/AK-47_Ammo_BP_2.PackageMetaData'
[2018.06.01-11.16.20:978][233]LogMetaData: Removing '/Game/Pickable/AK-47_Ammo_BP_2.SKEL_AK-47_Ammo_BP_2_C:RotatingMovement' ref from Metadata '/Game/Pickable/MediumAmmoBox/AK-47_Ammo_BP_2.PackageMetaData'
[2018.06.01-11.16.20:978][233]LogMetaData: Removing '/Game/Pickable/AK-47_Ammo_BP_2.SKEL_AK-47_Ammo_BP_2_C:ammoBox_Bullet_001' ref from Metadata '/Game/Pickable/MediumAmmoBox/AK-47_Ammo_BP_2.PackageMetaData'
[2018.06.01-11.16.20:978][233]LogMetaData: Removing '/Game/Pickable/AK-47_Ammo_BP_2.SKEL_AK-47_Ammo_BP_2_C:ammoBox_Bullet_002' ref from Metadata '/Game/Pickable/MediumAmmoBox/AK-47_Ammo_BP_2.PackageMetaData'
[2018.06.01-11.16.20:978][233]LogMetaData: Removing '/Game/Pickable/AK-47_Ammo_BP_2.SKEL_AK-47_Ammo_BP_2_C:ammoBox_Cube' ref from Metadata '/Game/Pickable/MediumAmmoBox/AK-47_Ammo_BP_2.PackageMetaData'
[2018.06.01-11.16.20:978][233]LogMetaData: Removing '/Game/Pickable/AK-47_Ammo_BP_2.SKEL_AK-47_Ammo_BP_2_C:ammoBox_Shell' ref from Metadata '/Game/Pickable/MediumAmmoBox/AK-47_Ammo_BP_2.PackageMetaData'
[2018.06.01-11.16.20:978][233]LogMetaData: Removing '/Game/Pickable/AK-47_Ammo_BP_2.SKEL_AK-47_Ammo_BP_2_C:ammoBox_Shell_001' ref from Metadata '/Game/Pickable/MediumAmmoBox/AK-47_Ammo_BP_2.PackageMetaData'
[2018.06.01-11.16.20:978][233]LogMetaData: Removing '/Game/Pickable/AK-47_Ammo_BP_2.SKEL_AK-47_Ammo_BP_2_C:ammoBox_Shell_002' ref from Metadata '/Game/Pickable/MediumAmmoBox/AK-47_Ammo_BP_2.PackageMetaData'
[2018.06.01-11.16.20:978][233]LogMetaData: Removing '/Game/Pickable/AK-47_Ammo_BP_2.SKEL_AK-47_Ammo_BP_2_C:ammoBox_Bullet' ref from Metadata '/Game/Pickable/MediumAmmoBox/AK-47_Ammo_BP_2.PackageMetaData'
[2018.06.01-11.16.20:978][233]LogMetaData: Removing '/Game/Pickable/AK-47_Ammo_BP_2.SKEL_AK-47_Ammo_BP_2_C:UserConstructionScript' ref from Metadata '/Game/Pickable/MediumAmmoBox/AK-47_Ammo_BP_2.PackageMetaData'
[2018.06.01-11.16.20:978][233]LogMetaData: Removing '/Game/Pickable/AK-47_Ammo_BP_2.AK-47_Ammo_BP_2_C:Ammo' ref from Metadata '/Game/Pickable/MediumAmmoBox/AK-47_Ammo_BP_2.PackageMetaData'
[2018.06.01-11.16.20:978][233]LogMetaData: Removing '/Game/Pickable/AK-47_Ammo_BP_2.AK-47_Ammo_BP_2_C:UpAndDown' ref from Metadata '/Game/Pickable/MediumAmmoBox/AK-47_Ammo_BP_2.PackageMetaData'
[2018.06.01-11.16.20:978][233]LogMetaData: Removing '/Game/Pickable/AK-47_Ammo_BP_2.AK-47_Ammo_BP_2_C:Trigger' ref from Metadata '/Game/Pickable/MediumAmmoBox/AK-47_Ammo_BP_2.PackageMetaData'
[2018.06.01-11.16.20:978][233]LogMetaData: Removing '/Game/Pickable/AK-47_Ammo_BP_2.AK-47_Ammo_BP_2_C:Box' ref from Metadata '/Game/Pickable/MediumAmmoBox/AK-47_Ammo_BP_2.PackageMetaData'
[2018.06.01-11.16.20:978][233]LogMetaData: Removing '/Game/Pickable/AK-47_Ammo_BP_2.AK-47_Ammo_BP_2_C:RotatingMovement' ref from Metadata '/Game/Pickable/MediumAmmoBox/AK-47_Ammo_BP_2.PackageMetaData'
[2018.06.01-11.16.20:978][233]LogMetaData: Removing '/Game/Pickable/AK-47_Ammo_BP_2.AK-47_Ammo_BP_2_C:ammoBox_Bullet_001' ref from Metadata '/Game/Pickable/MediumAmmoBox/AK-47_Ammo_BP_2.PackageMetaData'
[2018.06.01-11.16.20:978][233]LogMetaData: Removing '/Game/Pickable/AK-47_Ammo_BP_2.AK-47_Ammo_BP_2_C:ammoBox_Bullet_002' ref from Metadata '/Game/Pickable/MediumAmmoBox/AK-47_Ammo_BP_2.PackageMetaData'
[2018.06.01-11.16.20:979][233]LogMetaData: Removing '/Game/Pickable/AK-47_Ammo_BP_2.AK-47_Ammo_BP_2_C:ammoBox_Cube' ref from Metadata '/Game/Pickable/MediumAmmoBox/AK-47_Ammo_BP_2.PackageMetaData'
[2018.06.01-11.16.20:979][233]LogMetaData: Removing '/Game/Pickable/AK-47_Ammo_BP_2.AK-47_Ammo_BP_2_C:ammoBox_Shell' ref from Metadata '/Game/Pickable/MediumAmmoBox/AK-47_Ammo_BP_2.PackageMetaData'
[2018.06.01-11.16.20:979][233]LogMetaData: Removing '/Game/Pickable/AK-47_Ammo_BP_2.AK-47_Ammo_BP_2_C:ammoBox_Shell_001' ref from Metadata '/Game/Pickable/MediumAmmoBox/AK-47_Ammo_BP_2.PackageMetaData'
[2018.06.01-11.16.20:979][233]LogMetaData: Removing '/Game/Pickable/AK-47_Ammo_BP_2.AK-47_Ammo_BP_2_C:ammoBox_Shell_002' ref from Metadata '/Game/Pickable/MediumAmmoBox/AK-47_Ammo_BP_2.PackageMetaData'
[2018.06.01-11.16.20:979][233]LogMetaData: Removing '/Game/Pickable/AK-47_Ammo_BP_2.AK-47_Ammo_BP_2_C:ammoBox_Bullet' ref from Metadata '/Game/Pickable/MediumAmmoBox/AK-47_Ammo_BP_2.PackageMetaData'
[2018.06.01-11.16.20:979][233]LogMetaData: Removing '/Game/Pickable/AK-47_Ammo_BP_2.AK-47_Ammo_BP_2_C:ReceiveActorBeginOverlap' ref from Metadata '/Game/Pickable/MediumAmmoBox/AK-47_Ammo_BP_2.PackageMetaData'
[2018.06.01-11.16.20:979][233]LogMetaData: Removing '/Game/Pickable/AK-47_Ammo_BP_2.AK-47_Ammo_BP_2_C:ReceiveBeginPlay' ref from Metadata '/Game/Pickable/MediumAmmoBox/AK-47_Ammo_BP_2.PackageMetaData'
[2018.06.01-11.16.20:979][233]LogMetaData: Removing '/Game/Pickable/AK-47_Ammo_BP_2.AK-47_Ammo_BP_2_C:UserConstructionScript' ref from Metadata '/Game/Pickable/MediumAmmoBox/AK-47_Ammo_BP_2.PackageMetaData'
[2018.06.01-11.16.20:979][233]LogMetaData: Removing '/Game/Pickable/AK-47_Ammo_BP_2.AK-47_Ammo_BP_2_C:ExecuteUbergraph_AK-47_Ammo_BP_2' ref from Metadata '/Game/Pickable/MediumAmmoBox/AK-47_Ammo_BP_2.PackageMetaData'
[2018.06.01-11.16.21:024][233]Cmd: OBJ SAVEPACKAGE PACKAGE="/Game/Pickable/AK-47_Ammo_BP_2" FILE="../../../../Repositories/Hotline/Content/Pickable/AK-47_Ammo_BP_2.uasset" SILENT=true
[2018.06.01-11.16.21:111][233]LogSavePackage: Save=85.95ms
[2018.06.01-11.16.21:111][233]LogSavePackage: Moving '../../../../Repositories/Hotline/Saved/AK-47_Ammo_BP_2ED911C7E440B3FA9A52E929F2EC35E88.tmp' to '../../../../Repositories/Hotline/Content/Pickable/AK-47_Ammo_BP_2.uasset'
[2018.06.01-11.16.21:113][233]LogSavePackage: Display: Finished SavePackage ../../../../Repositories/Hotline/Content/Pickable/AK-47_Ammo_BP_2.uasset
[2018.06.01-11.16.21:117][233]Cmd: OBJ SAVEPACKAGE PACKAGE="/Game/Pickable/MediumAmmoBox/AK-47_Ammo_BP_2" FILE="../../../../Repositories/Hotline/Content/Pickable/MediumAmmoBox/AK-47_Ammo_BP_2.uasset" SILENT=true
[2018.06.01-11.16.21:121][233]LogSavePackage: Save=1.15ms
[2018.06.01-11.16.21:121][233]LogSavePackage: Moving '../../../../Repositories/Hotline/Saved/AK-47_Ammo_BP_2E3713EB3440E6402B2D045A649F9CFE4.tmp' to '../../../../Repositories/Hotline/Content/Pickable/MediumAmmoBox/AK-47_Ammo_BP_2.uasset'
[2018.06.01-11.16.21:123][233]LogSavePackage: Display: Finished SavePackage ../../../../Repositories/Hotline/Content/Pickable/MediumAmmoBox/AK-47_Ammo_BP_2.uasset
[2018.06.01-11.16.23:982][438]LogBlueprint: Warning: [Compiler 50AE_Ammo_BP] Set : 'DE_Ammo' variable not found. Base class was probably changed. /Game/Pickable/50AE_Ammo_BP.50AE_Ammo_BP
[2018.06.01-11.16.23:982][438]LogBlueprint: Warning: [Compiler 50AE_Ammo_BP] Set DE_Ammo : 'DE_Ammo' variable not found. Base class was probably changed. /Game/Pickable/50AE_Ammo_BP.50AE_Ammo_BP
[2018.06.01-11.16.23:982][438]LogBlueprint: Warning: [Compiler 50AE_Ammo_BP] Get : 'DE_MaxAmmo' variable not found. Base class was probably changed. /Game/Pickable/50AE_Ammo_BP.50AE_Ammo_BP
[2018.06.01-11.16.23:982][438]LogBlueprint: Warning: [Compiler 50AE_Ammo_BP] Get : 'DE_Ammo' variable not found. Base class was probably changed. /Game/Pickable/50AE_Ammo_BP.50AE_Ammo_BP
[2018.06.01-11.16.23:982][438]LogBlueprint: Warning: [Compiler 50AE_Ammo_BP] Get : 'DE_Ammo' variable not found. Base class was probably changed. /Game/Pickable/50AE_Ammo_BP.50AE_Ammo_BP
[2018.06.01-11.16.23:982][438]LogBlueprint: Warning: [Compiler 50AE_Ammo_BP] Get : 'DE_Ammo' variable not found. Base class was probably changed. /Game/Pickable/50AE_Ammo_BP.50AE_Ammo_BP
[2018.06.01-11.16.23:982][438]LogBlueprint: Warning: [Compiler 50AE_Ammo_BP] Get : 'DE_MaxAmmo' variable not found. Base class was probably changed. /Game/Pickable/50AE_Ammo_BP.50AE_Ammo_BP
[2018.06.01-11.16.23:982][438]LogBlueprint: Warning: [Compiler 50AE_Ammo_BP] Set : 'DE_Ammo' variable not found. Base class was probably changed. /Game/Pickable/50AE_Ammo_BP.50AE_Ammo_BP
[2018.06.01-11.16.23:983][438]LogBlueprint: Warning: [Compiler 50AE_Ammo_BP] Set DE_Ammo : 'DE_Ammo' variable not found. Base class was probably changed. /Game/Pickable/50AE_Ammo_BP.50AE_Ammo_BP
[2018.06.01-11.16.23:985][438]LogBlueprint: Warning: [Compiler 50AE_Ammo_BP] Could not find a variable named "DE_Ammo" in 'TopDownCharacter_C'.
Make sure 'TopDownCharacter_C' has been compiled for  Set DE_Ammo
[2018.06.01-11.16.23:985][438]LogBlueprint: Warning: [Compiler 50AE_Ammo_BP] Could not find a variable named "DE_Ammo" in 'TopDownCharacter_C'.
Make sure 'TopDownCharacter_C' has been compiled for  Set DE_Ammo
[2018.06.01-11.16.23:985][438]LogBlueprint: Warning: [Compiler 50AE_Ammo_BP] Could not find a variable named "DE_MaxAmmo" in 'TopDownCharacter_C'.
Make sure 'TopDownCharacter_C' has been compiled for  Get DE_MaxAmmo
[2018.06.01-11.16.23:985][438]LogBlueprint: Warning: [Compiler 50AE_Ammo_BP] Could not find a variable named "DE_MaxAmmo" in 'TopDownCharacter_C'.
Make sure 'TopDownCharacter_C' has been compiled for  Get DE_MaxAmmo
[2018.06.01-11.16.23:985][438]LogBlueprint: Warning: [Compiler 50AE_Ammo_BP] Could not find a variable named "DE_Ammo" in 'TopDownCharacter_C'.
Make sure 'TopDownCharacter_C' has been compiled for  Get DE_Ammo
[2018.06.01-11.16.23:985][438]LogBlueprint: Warning: [Compiler 50AE_Ammo_BP] Could not find a variable named "DE_Ammo" in 'TopDownCharacter_C'.
Make sure 'TopDownCharacter_C' has been compiled for  Get DE_Ammo
[2018.06.01-11.16.23:985][438]LogBlueprint: Warning: [Compiler 50AE_Ammo_BP] Could not find a variable named "DE_Ammo" in 'TopDownCharacter_C'.
Make sure 'TopDownCharacter_C' has been compiled for  Get DE_Ammo
[2018.06.01-11.16.23:986][438]LogBlueprint: Error: [Compiler 50AE_Ammo_BP] The property associated with  DE Ammo  could not be found
[2018.06.01-11.16.23:986][438]LogBlueprint: Error: [Compiler 50AE_Ammo_BP] The property associated with  DE Ammo  could not be found
[2018.06.01-11.16.23:986][438]LogBlueprint: Error: [Compiler 50AE_Ammo_BP] The property associated with  DE Max Ammo  could not be found
[2018.06.01-11.16.23:986][438]LogBlueprint: Error: [Compiler 50AE_Ammo_BP] The property associated with  DE Ammo  could not be found
[2018.06.01-11.16.23:986][438]LogBlueprint: Error: [Compiler 50AE_Ammo_BP] The property associated with  DE Ammo  could not be found
[2018.06.01-11.16.23:986][438]LogBlueprint: Error: [Compiler 50AE_Ammo_BP] The property associated with  DE Max Ammo  could not be found
[2018.06.01-11.16.23:986][438]LogBlueprint: Error: [Compiler 50AE_Ammo_BP] The property associated with  DE Ammo  could not be found
[2018.06.01-11.16.23:987][438]LogBlueprint: Warning: [Compiler 50AE_Ammo_BP] [0264.24] Compile of 50AE_Ammo_BP failed. 7 Fatal Issue(s) 16 Warning(s) [in 6 ms] (/Game/Pickable/50AE_Ammo_BP.50AE_Ammo_BP)
[2018.06.01-11.16.28:594][861]Cmd: OBJ SAVEPACKAGE PACKAGE="/Game/TopDownBP/Maps/TopDownExampleMap" FILE="../../../../Repositories/Hotline/Content/TopDownBP/Maps/TopDownExampleMap.umap" SILENT=true AUTOSAVING=false KEEPDIRTY=false
[2018.06.01-11.16.29:056][861]LogSavePackage: Save=438.34ms
[2018.06.01-11.16.29:056][861]LogSavePackage: Moving '../../../../Repositories/Hotline/Saved/TopDownExampleMapBF78B8194FFA3DD0212CB99F89FDBAC3.tmp' to '../../../../Repositories/Hotline/Content/TopDownBP/Maps/TopDownExampleMap.umap'
[2018.06.01-11.16.29:061][861]LogSavePackage: Display: Finished SavePackage ../../../../Repositories/Hotline/Content/TopDownBP/Maps/TopDownExampleMap.umap
[2018.06.01-11.16.29:120][861]Cmd: OBJ SAVEPACKAGE PACKAGE="/Game/TopDownBP/Maps/TopDownExampleMap_BuiltData" FILE="../../../../Repositories/Hotline/Content/TopDownBP/Maps/TopDownExampleMap_BuiltData.uasset" SILENT=true
[2018.06.01-11.16.29:282][861]LogSavePackage: Save=159.05ms
[2018.06.01-11.16.29:282][861]LogSavePackage: Moving '../../../../Repositories/Hotline/Saved/TopDownExampleMap_BuiltData6BF22E744BA501A0A89840B7808AADD5.tmp' to '../../../../Repositories/Hotline/Content/TopDownBP/Maps/TopDownExampleMap_BuiltData.uasset'
[2018.06.01-11.16.29:284][861]LogSavePackage: Display: Finished SavePackage ../../../../Repositories/Hotline/Content/TopDownBP/Maps/TopDownExampleMap_BuiltData.uasset
[2018.06.01-11.16.33:502][234]LogWindowsTextInputMethodSystem: Display: IME system now deactivated.
[2018.06.01-11.16.33:713][235]Cmd: QUIT_EDITOR
[2018.06.01-11.16.33:900][235]LogExit: Preparing to exit.
[2018.06.01-11.16.34:905][235]LogDirectoryWatcher: A directory notification for 'D:/Repositories/Hotline/Content/' was aborted.
[2018.06.01-11.16.34:965][235]LogExit: Editor shut down
[2018.06.01-11.16.34:968][235]LogExit: Transaction tracking system shut down
[2018.06.01-11.16.35:065][235]LogDirectoryWatcher: A directory notification for '../../../Engine/Content/' was aborted.
[2018.06.01-11.16.35:065][235]LogDirectoryWatcher: A directory notification for '../../../../Repositories/Hotline/Content/' was aborted.
[2018.06.01-11.16.35:065][235]LogDirectoryWatcher: A directory notification for '../../../Engine/Plugins/2D/Paper2D/Content/' was aborted.
[2018.06.01-11.16.35:065][235]LogDirectoryWatcher: A directory notification for '../../../Engine/Plugins/Media/MediaCompositing/Content/' was aborted.
[2018.06.01-11.16.35:065][235]LogDirectoryWatcher: A directory notification for '../../../Engine/Plugins/Runtime/AppleARKit/Content/' was aborted.
[2018.06.01-11.16.35:065][235]LogDirectoryWatcher: A directory notification for '../../../Engine/Plugins/Runtime/Oculus/OculusVR/Content/' was aborted.
[2018.06.01-11.16.35:065][235]LogDirectoryWatcher: A directory notification for '../../../Engine/Plugins/Runtime/Steam/SteamVR/Content/' was aborted.
[2018.06.01-11.16.35:164][235]LogExit: Object subsystem successfully closed.
[2018.06.01-11.16.35:184][235]LogD3D11RHI: Shutdown
[2018.06.01-11.16.35:184][235]LogD3D11RHI: CleanupD3DDevice
[2018.06.01-11.16.35:186][235]LogD3D11RHI: ~FD3D11DynamicRHI
[2018.06.01-11.16.35:197][235]LogModuleManager: Shutting down and abandoning module BlueprintGraph (552)
[2018.06.01-11.16.35:197][235]LogModuleManager: Shutting down and abandoning module MovieSceneCapture (550)
[2018.06.01-11.16.35:197][235]LogModuleManager: Shutting down and abandoning module HierarchicalLODOutliner (548)
[2018.06.01-11.16.35:197][235]LogModuleManager: Shutting down and abandoning module SceneOutliner (546)
[2018.06.01-11.16.35:197][235]LogModuleManager: Shutting down and abandoning module AddContentDialog (544)
[2018.06.01-11.16.35:197][235]LogDirectoryWatcher: A directory notification for 'D:/UE_4.18/FeaturePacks/' was aborted.
[2018.06.01-11.16.35:198][235]LogModuleManager: Shutting down and abandoning module WidgetCarousel (543)
[2018.06.01-11.16.35:198][235]LogModuleManager: Shutting down and abandoning module EditorWidgets (540)
[2018.06.01-11.16.35:198][235]LogModuleManager: Shutting down and abandoning module CollectionManager (538)
[2018.06.01-11.16.35:198][235]LogDirectoryWatcher: A directory notification for 'D:/Repositories/Hotline/Content/Collections/' was aborted.
[2018.06.01-11.16.35:198][235]LogDirectoryWatcher: A directory notification for 'D:/Repositories/Hotline/Content/Developers/Patryk/Collections/' was aborted.
[2018.06.01-11.16.35:198][235]LogDirectoryWatcher: A directory notification for 'D:/Repositories/Hotline/Saved/Collections/' was aborted.
[2018.06.01-11.16.35:198][235]LogModuleManager: Shutting down and abandoning module StatsViewer (536)
[2018.06.01-11.16.35:198][235]LogModuleManager: Shutting down and abandoning module FoliageEdit (534)
[2018.06.01-11.16.35:198][235]LogModuleManager: Shutting down and abandoning module LandscapeEditor (532)
[2018.06.01-11.16.35:198][235]LogModuleManager: Shutting down and abandoning module MeshPaintMode (530)
[2018.06.01-11.16.35:198][235]LogModuleManager: Shutting down and abandoning module SceneDepthPickerMode (528)
[2018.06.01-11.16.35:198][235]LogModuleManager: Shutting down and abandoning module ActorPickerMode (526)
[2018.06.01-11.16.35:198][235]LogModuleManager: Shutting down and abandoning module GeometryMode (524)
[2018.06.01-11.16.35:198][235]LogModuleManager: Shutting down and abandoning module TextureAlignMode (522)
[2018.06.01-11.16.35:198][235]LogModuleManager: Shutting down and abandoning module BspMode (520)
[2018.06.01-11.16.35:198][235]LogModuleManager: Shutting down and abandoning module PIEPreviewDeviceProfileSelector (518)
[2018.06.01-11.16.35:198][235]LogModuleManager: Shutting down and abandoning module HardwareSurvey (516)
[2018.06.01-11.16.35:198][235]LogModuleManager: Shutting down and abandoning module SequenceRecorderSections (514)
[2018.06.01-11.16.35:198][235]LogModuleManager: Shutting down and abandoning module AutomationWorker (512)
[2018.06.01-11.16.35:198][235]LogModuleManager: Shutting down and abandoning module MatineeToLevelSequence (510)
[2018.06.01-11.16.35:198][235]LogModuleManager: Shutting down and abandoning module LevelSequenceEditor (508)
[2018.06.01-11.16.35:198][235]LogModuleManager: Shutting down and abandoning module PlacementMode (507)
[2018.06.01-11.16.35:198][235]LogModuleManager: Shutting down and abandoning module WmfMediaFactory (504)
[2018.06.01-11.16.35:198][235]LogModuleManager: Shutting down and abandoning module WmfMediaEditor (502)
[2018.06.01-11.16.35:198][235]LogModuleManager: Shutting down and abandoning module OpenExrWrapper (500)
[2018.06.01-11.16.35:198][235]LogModuleManager: Shutting down and abandoning module ImgMediaFactory (498)
[2018.06.01-11.16.35:198][235]LogModuleManager: Shutting down and abandoning module ImgMediaEditor (496)
[2018.06.01-11.16.35:198][235]LogModuleManager: Shutting down and abandoning module AvfMediaFactory (494)
[2018.06.01-11.16.35:198][235]LogModuleManager: Shutting down and abandoning module AvfMediaEditor (492)
[2018.06.01-11.16.35:198][235]LogModuleManager: Shutting down and abandoning module AndroidMediaFactory (490)
[2018.06.01-11.16.35:198][235]LogModuleManager: Shutting down and abandoning module AndroidMediaEditor (488)
[2018.06.01-11.16.35:199][235]LogModuleManager: Shutting down and abandoning module CharacterAI (486)
[2018.06.01-11.16.35:199][235]LogModuleManager: Shutting down and abandoning module AudioCapture (484)
[2018.06.01-11.16.35:199][235]LogModuleManager: Shutting down and abandoning module SequenceRecorder (483)
[2018.06.01-11.16.35:199][235]LogModuleManager: Shutting down and abandoning module SmartSnapping (480)
[2018.06.01-11.16.35:199][235]LogModuleManager: Shutting down and abandoning module SessionServices (478)
[2018.06.01-11.16.35:199][235]LogModuleManager: Shutting down and abandoning module ViewportSnapping (476)
[2018.06.01-11.16.35:199][235]LogModuleManager: Shutting down and abandoning module ViewportInteraction (474)
[2018.06.01-11.16.35:199][235]LogModuleManager: Shutting down and abandoning module ClothPainter (472)
[2018.06.01-11.16.35:199][235]LogModuleManager: Shutting down and abandoning module SkeletalMeshEditor (471)
[2018.06.01-11.16.35:199][235]LogModuleManager: Shutting down and abandoning module LogVisualizer (468)
[2018.06.01-11.16.35:199][235]LogModuleManager: Shutting down and abandoning module IntroTutorials (466)
[2018.06.01-11.16.35:199][235]LogModuleManager: Shutting down and abandoning module GameProjectGeneration (465)
[2018.06.01-11.16.35:199][235]LogModuleManager: Shutting down and abandoning module IOSPlatformEditor (462)
[2018.06.01-11.16.35:199][235]LogModuleManager: Shutting down and abandoning module HTML5PlatformEditor (460)
[2018.06.01-11.16.35:199][235]LogModuleManager: Shutting down and abandoning module AndroidPlatformEditor (458)
[2018.06.01-11.16.35:199][235]LogModuleManager: Shutting down and abandoning module AndroidDeviceDetection (457)
[2018.06.01-11.16.35:943][235]LogModuleManager: Shutting down and abandoning module WindowsPlatformEditor (454)
[2018.06.01-11.16.35:943][235]LogModuleManager: Shutting down and abandoning module IOSRuntimeSettings (452)
[2018.06.01-11.16.35:943][235]LogModuleManager: Shutting down and abandoning module AndroidRuntimeSettings (450)
[2018.06.01-11.16.35:943][235]LogModuleManager: Shutting down and abandoning module InputBindingEditor (448)
[2018.06.01-11.16.35:943][235]LogModuleManager: Shutting down and abandoning module MergeActors (446)
[2018.06.01-11.16.35:943][235]LogModuleManager: Shutting down and abandoning module SizeMap (444)
[2018.06.01-11.16.35:943][235]LogModuleManager: Shutting down and abandoning module TreeMap (442)
[2018.06.01-11.16.35:943][235]LogModuleManager: Shutting down and abandoning module ReferenceViewer (440)
[2018.06.01-11.16.35:943][235]LogModuleManager: Shutting down and abandoning module LocalizationDashboard (438)
[2018.06.01-11.16.35:943][235]LogModuleManager: Shutting down and abandoning module LocalizationService (437)
[2018.06.01-11.16.35:943][235]LogModuleManager: Shutting down and abandoning module HardwareTargeting (434)
[2018.06.01-11.16.35:943][235]LogModuleManager: Shutting down and abandoning module DeviceProfileEditor (432)
[2018.06.01-11.16.35:943][235]LogModuleManager: Shutting down and abandoning module UndoHistory (430)
[2018.06.01-11.16.35:943][235]LogModuleManager: Shutting down and abandoning module XmlParser (428)
[2018.06.01-11.16.35:943][235]LogModuleManager: Shutting down and abandoning module Blutility (426)
[2018.06.01-11.16.35:944][235]LogModuleManager: Shutting down and abandoning module ProjectSettingsViewer (424)
[2018.06.01-11.16.35:944][235]LogModuleManager: Shutting down and abandoning module ProjectTargetPlatformEditor (423)
[2018.06.01-11.16.35:944][235]LogModuleManager: Shutting down and abandoning module EditorSettingsViewer (420)
[2018.06.01-11.16.35:944][235]LogModuleManager: Shutting down and abandoning module SettingsEditor (418)
[2018.06.01-11.16.35:944][235]LogModuleManager: Shutting down and abandoning module ProjectLauncher (416)
[2018.06.01-11.16.35:944][235]LogModuleManager: Shutting down and abandoning module SessionFrontend (414)
[2018.06.01-11.16.35:944][235]LogModuleManager: Shutting down and abandoning module ProfilerClient (412)
[2018.06.01-11.16.35:944][235]LogModuleManager: Shutting down and abandoning module DeviceManager (410)
[2018.06.01-11.16.35:944][235]LogModuleManager: Shutting down and abandoning module TargetDeviceServices (409)
[2018.06.01-11.16.35:988][235]LogModuleManager: Shutting down and abandoning module AutomationController (406)
[2018.06.01-11.16.35:988][235]LogModuleManager: Shutting down and abandoning module AutomationWindow (404)
[2018.06.01-11.16.35:988][235]LogModuleManager: Shutting down and abandoning module Layers (402)
[2018.06.01-11.16.35:988][235]LogModuleManager: Shutting down and abandoning module ComponentVisualizers (400)
[2018.06.01-11.16.35:988][235]LogModuleManager: Shutting down and abandoning module DetailCustomizations (398)
[2018.06.01-11.16.35:988][235]LogModuleManager: Shutting down and abandoning module PackagesDialog (396)
[2018.06.01-11.16.35:988][235]LogModuleManager: Shutting down and abandoning module Persona (394)
[2018.06.01-11.16.35:988][235]LogModuleManager: Shutting down and abandoning module AdvancedPreviewScene (393)
[2018.06.01-11.16.35:988][235]LogModuleManager: Shutting down and abandoning module AnimGraph (391)
[2018.06.01-11.16.35:988][235]LogModuleManager: Shutting down and abandoning module Kismet (388)
[2018.06.01-11.16.35:999][235]LogModuleManager: Shutting down and abandoning module ClassViewer (386)
[2018.06.01-11.16.35:999][235]LogModuleManager: Shutting down and abandoning module Toolbox (384)
[2018.06.01-11.16.35:999][235]LogModuleManager: Shutting down and abandoning module ModuleUI (382)
[2018.06.01-11.16.35:999][235]LogModuleManager: Shutting down and abandoning module MovieSceneTools (380)
[2018.06.01-11.16.35:999][235]LogModuleManager: Shutting down and abandoning module OutputLog (378)
[2018.06.01-11.16.35:999][235]LogModuleManager: Shutting down and abandoning module GammaUI (376)
[2018.06.01-11.16.35:999][235]LogModuleManager: Shutting down and abandoning module Documentation (374)
[2018.06.01-11.16.35:999][235]LogModuleManager: Shutting down and abandoning module MovieSceneTracks (372)
[2018.06.01-11.16.35:999][235]LogModuleManager: Shutting down and abandoning module MovieScene (370)
[2018.06.01-11.16.35:999][235]LogModuleManager: Shutting down and abandoning module StreamingPauseRendering (368)
[2018.06.01-11.16.35:999][235]LogModuleManager: Shutting down and abandoning module LauncherPlatform (366)
[2018.06.01-11.16.35:999][235]LogModuleManager: Shutting down and abandoning module AnalyticsET (364)
[2018.06.01-11.16.35:999][235]LogModuleManager: Shutting down and abandoning module PortalServices (362)
[2018.06.01-11.16.35:999][235]LogModuleManager: Shutting down and abandoning module PortalRpc (360)
[2018.06.01-11.16.35:999][235]LogModuleManager: Shutting down and abandoning module MessagingRpc (358)
[2018.06.01-11.16.35:999][235]LogModuleManager: Shutting down and abandoning module AIModule (356)
[2018.06.01-11.16.35:999][235]LogModuleManager: Shutting down and abandoning module GameplayDebugger (355)
[2018.06.01-11.16.35:999][235]LogModuleManager: Shutting down and abandoning module AITestSuite (353)
[2018.06.01-11.16.35:999][235]LogModuleManager: Shutting down and abandoning module DesktopPlatform (350)
[2018.06.01-11.16.35:999][235]LogModuleManager: Shutting down and abandoning module ProfilerService (348)
[2018.06.01-11.16.36:133][235]LogModuleManager: Shutting down and abandoning module TaskGraph (346)
[2018.06.01-11.16.36:133][235]LogModuleManager: Shutting down and abandoning module SteamVRController (344)
[2018.06.01-11.16.36:133][235]LogModuleManager: Shutting down and abandoning module ProceduralMeshComponentEditor (342)
[2018.06.01-11.16.36:133][235]LogModuleManager: Shutting down and abandoning module ProceduralMeshComponent (340)
[2018.06.01-11.16.36:133][235]LogModuleManager: Shutting down and abandoning module OculusInput (338)
[2018.06.01-11.16.36:133][235]LogModuleManager: Shutting down and abandoning module MobilePatchingUtils (336)
[2018.06.01-11.16.36:133][235]LogModuleManager: Shutting down and abandoning module CustomMeshComponent (334)
[2018.06.01-11.16.36:133][235]LogModuleManager: Shutting down and abandoning module CableComponent (332)
[2018.06.01-11.16.36:133][235]LogModuleManager: Shutting down and abandoning module ArchVisCharacter (330)
[2018.06.01-11.16.36:133][235]LogModuleManager: Shutting down and abandoning module AndroidPermission (328)
[2018.06.01-11.16.36:133][235]LogModuleManager: Shutting down and abandoning module ActorSequence (324)
[2018.06.01-11.16.36:133][235]LogModuleManager: Shutting down and abandoning module MediaPlayerEditor (322)
[2018.06.01-11.16.36:133][235]LogModuleManager: Shutting down and abandoning module MediaCompositingEditor (320)
[2018.06.01-11.16.36:133][235]LogModuleManager: Shutting down and abandoning module MediaCompositing (318)
[2018.06.01-11.16.36:133][235]LogModuleManager: Shutting down and abandoning module HTML5Networking (316)
[2018.06.01-11.16.36:133][235]LogModuleManager: Shutting down and abandoning module AlembicImporter (314)
[2018.06.01-11.16.36:133][235]LogModuleManager: Shutting down and abandoning module AlembicLibrary (313)
[2018.06.01-11.16.36:133][235]LogModuleManager: Shutting down and abandoning module GeometryCache (312)
[2018.06.01-11.16.36:133][235]LogModuleManager: Shutting down and abandoning module GeometryCacheEd (311)
[2018.06.01-11.16.36:133][235]LogModuleManager: Shutting down and abandoning module SpeedTreeImporter (306)
[2018.06.01-11.16.36:133][235]LogModuleManager: Shutting down and abandoning module PluginBrowser (304)
[2018.06.01-11.16.36:134][235]LogModuleManager: Shutting down and abandoning module MobileLauncherProfileWizard (302)
[2018.06.01-11.16.36:134][235]LogModuleManager: Shutting down and abandoning module VisualStudioSourceCodeAccess (300)
[2018.06.01-11.16.36:134][235]LogModuleManager: Shutting down and abandoning module VisualStudioCodeSourceCodeAccess (298)
[2018.06.01-11.16.36:134][235]LogModuleManager: Shutting down and abandoning module UObjectPlugin (296)
[2018.06.01-11.16.36:134][235]LogModuleManager: Shutting down and abandoning module SubversionSourceControl (294)
[2018.06.01-11.16.36:134][235]LogModuleManager: Shutting down and abandoning module PerforceSourceControl (292)
[2018.06.01-11.16.36:134][235]LogModuleManager: Shutting down and abandoning module GitSourceControl (290)
[2018.06.01-11.16.36:134][235]LogModuleManager: Shutting down and abandoning module SourceControl (289)
[2018.06.01-11.16.36:134][235]LogModuleManager: Shutting down and abandoning module LightPropagationVolumeEditor (286)
[2018.06.01-11.16.36:134][235]LogModuleManager: Shutting down and abandoning module PaperTiledImporter (284)
[2018.06.01-11.16.36:134][235]LogModuleManager: Shutting down and abandoning module PaperSpriteSheetImporter (282)
[2018.06.01-11.16.36:134][235]LogModuleManager: Shutting down and abandoning module Paper2DEditor (280)
[2018.06.01-11.16.36:135][235]LogModuleManager: Shutting down and abandoning module MeshPaint (279)
[2018.06.01-11.16.36:135][235]LogModuleManager: Shutting down and abandoning module LevelEditor (277)
[2018.06.01-11.16.36:136][235]LogModuleManager: Shutting down and abandoning module PixelInspectorModule (276)
[2018.06.01-11.16.36:136][235]LogModuleManager: Shutting down and abandoning module MainFrame (274)
[2018.06.01-11.16.36:136][235]LogModuleManager: Shutting down and abandoning module HotReload (273)
[2018.06.01-11.16.36:138][235]LogModuleManager: Shutting down and abandoning module RuntimePhysXCooking (268)
[2018.06.01-11.16.36:138][235]LogModuleManager: Shutting down and abandoning module PhysXVehiclesEditor (266)
[2018.06.01-11.16.36:138][235]LogModuleManager: Shutting down and abandoning module PhysXVehicles (264)
[2018.06.01-11.16.36:138][235]LogModuleManager: Shutting down and abandoning module OculusEditor (262)
[2018.06.01-11.16.36:138][235]LogModuleManager: Shutting down and abandoning module LocationServicesBPLibrary (260)
[2018.06.01-11.16.36:138][235]LogModuleManager: Shutting down and abandoning module ImmediatePhysicsEditor (258)
[2018.06.01-11.16.36:138][235]LogModuleManager: Shutting down and abandoning module ImmediatePhysics (256)
[2018.06.01-11.16.36:138][235]LogModuleManager: Shutting down and abandoning module UdpMessaging (254)
[2018.06.01-11.16.36:240][235]LogModuleManager: Shutting down and abandoning module TcpMessaging (252)
[2018.06.01-11.16.36:340][235]LogModuleManager: Shutting down and abandoning module GameplayTagsEditor (250)
[2018.06.01-11.16.36:340][235]LogModuleManager: Shutting down and abandoning module FacialAnimationEditor (248)
[2018.06.01-11.16.36:340][235]LogModuleManager: Shutting down and abandoning module FacialAnimation (246)
[2018.06.01-11.16.36:340][235]LogModuleManager: Shutting down and abandoning module AssetManagerEditor (244)
[2018.06.01-11.16.36:340][235]LogModuleManager: Shutting down and abandoning module GraphEditor (243)
[2018.06.01-11.16.36:340][235]LogModuleManager: Shutting down and abandoning module ContentBrowser (241)
[2018.06.01-11.16.36:341][235]LogModuleManager: Shutting down and abandoning module LightPropagationVolumeRuntime (238)
[2018.06.01-11.16.36:341][235]LogModuleManager: Shutting down and abandoning module Paper2D (236)
[2018.06.01-11.16.36:341][235]LogModuleManager: Shutting down and abandoning module WindowsMoviePlayer (234)
[2018.06.01-11.16.36:341][235]LogModuleManager: Shutting down and abandoning module WmfMedia (232)
[2018.06.01-11.16.36:341][235]LogModuleManager: Shutting down and abandoning module ImgMedia (230)
[2018.06.01-11.16.36:341][235]LogModuleManager: Shutting down and abandoning module PacketHandler (228)
[2018.06.01-11.16.36:341][235]LogModuleManager: Shutting down and abandoning module ClothingSystemEditor (226)
[2018.06.01-11.16.36:341][235]LogModuleManager: Shutting down and abandoning module ClothingSystemRuntime (224)
[2018.06.01-11.16.36:341][235]LogModuleManager: Shutting down and abandoning module MediaAssets (222)
[2018.06.01-11.16.36:341][235]LogModuleManager: Shutting down and abandoning module Media (221)
[2018.06.01-11.16.36:347][235]LogModuleManager: Shutting down and abandoning module Overlay (218)
[2018.06.01-11.16.36:347][235]LogModuleManager: Shutting down and abandoning module OverlayEditor (217)
[2018.06.01-11.16.36:347][235]LogModuleManager: Shutting down and abandoning module VREditor (214)
[2018.06.01-11.16.36:347][235]LogModuleManager: Shutting down and abandoning module StringTableEditor (212)
[2018.06.01-11.16.36:347][235]LogModuleManager: Shutting down and abandoning module GameplayTasksEditor (210)
[2018.06.01-11.16.36:347][235]LogModuleManager: Shutting down and abandoning module BehaviorTreeEditor (208)
[2018.06.01-11.16.36:347][235]LogModuleManager: Shutting down and abandoning module FunctionalTesting (206)
[2018.06.01-11.16.36:347][235]LogModuleManager: Shutting down and abandoning module CollisionAnalyzer (204)
[2018.06.01-11.16.36:347][235]LogModuleManager: Shutting down and abandoning module WorkspaceMenuStructure (203)
[2018.06.01-11.16.36:347][235]LogModuleManager: Shutting down and abandoning module UMG (200)
[2018.06.01-11.16.36:347][235]LogModuleManager: Shutting down and abandoning module UMGEditor (199)
[2018.06.01-11.16.36:347][235]LogModuleManager: Shutting down and abandoning module Sequencer (198)
[2018.06.01-11.16.36:347][235]LogModuleManager: Shutting down and abandoning module MessageLog (195)
[2018.06.01-11.16.36:347][235]LogModuleManager: Shutting down and abandoning module SlateReflector (190)
[2018.06.01-11.16.36:347][235]LogModuleManager: Shutting down and abandoning module Slate (188)
[2018.06.01-11.16.36:348][235]LogModuleManager: Shutting down and abandoning module EditorStyle (186)
[2018.06.01-11.16.36:349][235]LogModuleManager: Shutting down and abandoning module MRMesh (184)
[2018.06.01-11.16.36:349][235]LogModuleManager: Shutting down and abandoning module SourceCodeAccess (182)
[2018.06.01-11.16.36:349][235]LogModuleManager: Shutting down and abandoning module HeadMountedDisplay (180)
[2018.06.01-11.16.36:349][235]LogModuleManager: Shutting down and abandoning module XAudio2 (178)
[2018.06.01-11.16.36:349][235]LogModuleManager: Shutting down and abandoning module Networking (176)
[2018.06.01-11.16.36:349][235]LogModuleManager: Shutting down and abandoning module Core (172)
[2018.06.01-11.16.36:349][235]LogModuleManager: Shutting down and abandoning module LevelSequence (168)
[2018.06.01-11.16.36:349][235]LogModuleManager: Shutting down and abandoning module DirectoryWatcher (166)
[2018.06.01-11.16.36:350][235]LogModuleManager: Shutting down and abandoning module KismetCompiler (164)
[2018.06.01-11.16.36:350][235]LogModuleManager: Shutting down and abandoning module MeshUtilities (162)
[2018.06.01-11.16.36:350][235]LogModuleManager: Shutting down and abandoning module MeshMergeUtilities (161)
[2018.06.01-11.16.36:350][235]LogModuleManager: Shutting down and abandoning module MeshReductionInterface (160)
[2018.06.01-11.16.36:350][235]LogModuleManager: Shutting down and abandoning module SimplygonSwarm (159)
[2018.06.01-11.16.36:350][235]LogModuleManager: Shutting down and abandoning module SimplygonMeshReduction (157)
[2018.06.01-11.16.36:350][235]LogModuleManager: Shutting down and abandoning module QuadricMeshReduction (155)
[2018.06.01-11.16.36:350][235]LogModuleManager: Shutting down and abandoning module MaterialBaking (151)
[2018.06.01-11.16.36:350][235]LogModuleManager: Shutting down and abandoning module DerivedDataCache (148)
[2018.06.01-11.16.36:364][235]LogDerivedDataCache: Shutdown
[2018.06.01-11.16.36:364][235]LogModuleManager: Shutting down and abandoning module TargetPlatform (146)
[2018.06.01-11.16.36:364][235]LogModuleManager: Shutting down and abandoning module VulkanShaderFormat (145)
[2018.06.01-11.16.36:364][235]LogModuleManager: Shutting down and abandoning module ShaderFormatVectorVM (143)
[2018.06.01-11.16.36:364][235]LogModuleManager: Shutting down and abandoning module ShaderFormatOpenGL (141)
[2018.06.01-11.16.36:364][235]LogModuleManager: Shutting down and abandoning module ShaderFormatD3D (139)
[2018.06.01-11.16.36:364][235]LogModuleManager: Shutting down and abandoning module MetalShaderFormat (137)
[2018.06.01-11.16.36:364][235]LogModuleManager: Shutting down and abandoning module TextureFormatUncompressed (135)
[2018.06.01-11.16.36:364][235]LogModuleManager: Shutting down and abandoning module TextureFormatPVR (133)
[2018.06.01-11.16.36:364][235]LogModuleManager: Shutting down and abandoning module TextureFormatDXT (131)
[2018.06.01-11.16.36:364][235]LogModuleManager: Shutting down and abandoning module TextureFormatIntelISPCTexComp (129)
[2018.06.01-11.16.36:364][235]LogModuleManager: Shutting down and abandoning module TextureFormatASTC (127)
[2018.06.01-11.16.36:364][235]LogModuleManager: Shutting down and abandoning module ImageWrapper (126)
[2018.06.01-11.16.36:364][235]LogModuleManager: Shutting down and abandoning module TextureFormatAndroid (123)
[2018.06.01-11.16.36:364][235]LogModuleManager: Shutting down and abandoning module AudioFormatOpus (121)
[2018.06.01-11.16.36:364][235]LogModuleManager: Shutting down and abandoning module AudioFormatOgg (119)
[2018.06.01-11.16.36:364][235]LogModuleManager: Shutting down and abandoning module AudioFormatADPCM (117)
[2018.06.01-11.16.36:364][235]LogModuleManager: Shutting down and abandoning module LinuxTargetPlatform (115)
[2018.06.01-11.16.36:365][235]LogModuleManager: Shutting down and abandoning module LinuxServerTargetPlatform (113)
[2018.06.01-11.16.36:365][235]LogModuleManager: Shutting down and abandoning module LinuxNoEditorTargetPlatform (111)
[2018.06.01-11.16.36:365][235]LogModuleManager: Shutting down and abandoning module LinuxClientTargetPlatform (109)
[2018.06.01-11.16.36:365][235]LogModuleManager: Shutting down and abandoning module TVOSTargetPlatform (107)
[2018.06.01-11.16.36:365][235]LogModuleManager: Shutting down and abandoning module Messaging (105)
[2018.06.01-11.16.36:365][235]LogModuleManager: Shutting down and abandoning module IOSTargetPlatform (103)
[2018.06.01-11.16.36:365][235]LogModuleManager: Shutting down and abandoning module HTML5TargetPlatform (101)
[2018.06.01-11.16.36:365][235]LogModuleManager: Shutting down and abandoning module AndroidTargetPlatform (99)
[2018.06.01-11.16.36:365][235]LogModuleManager: Shutting down and abandoning module Android_PVRTCTargetPlatform (97)
[2018.06.01-11.16.36:365][235]LogModuleManager: Shutting down and abandoning module Android_MultiTargetPlatform (95)
[2018.06.01-11.16.36:365][235]LogModuleManager: Shutting down and abandoning module Android_ETC2TargetPlatform (93)
[2018.06.01-11.16.36:365][235]LogModuleManager: Shutting down and abandoning module Android_ETC1TargetPlatform (91)
[2018.06.01-11.16.36:365][235]LogModuleManager: Shutting down and abandoning module Android_DXTTargetPlatform (89)
[2018.06.01-11.16.36:365][235]LogModuleManager: Shutting down and abandoning module Android_ATCTargetPlatform (87)
[2018.06.01-11.16.36:365][235]LogModuleManager: Shutting down and abandoning module Android_ASTCTargetPlatform (85)
[2018.06.01-11.16.36:365][235]LogModuleManager: Shutting down and abandoning module WindowsTargetPlatform (83)
[2018.06.01-11.16.36:365][235]LogModuleManager: Shutting down and abandoning module WindowsServerTargetPlatform (81)
[2018.06.01-11.16.36:365][235]LogModuleManager: Shutting down and abandoning module WindowsNoEditorTargetPlatform (79)
[2018.06.01-11.16.36:365][235]LogModuleManager: Shutting down and abandoning module WindowsClientTargetPlatform (77)
[2018.06.01-11.16.36:365][235]LogModuleManager: Shutting down and abandoning module MacTargetPlatform (75)
[2018.06.01-11.16.36:365][235]LogModuleManager: Shutting down and abandoning module MacServerTargetPlatform (73)
[2018.06.01-11.16.36:365][235]LogModuleManager: Shutting down and abandoning module MacNoEditorTargetPlatform (71)
[2018.06.01-11.16.36:365][235]LogModuleManager: Shutting down and abandoning module MacClientTargetPlatform (69)
[2018.06.01-11.16.36:365][235]LogModuleManager: Shutting down and abandoning module AllDesktopTargetPlatform (67)
[2018.06.01-11.16.36:365][235]LogModuleManager: Shutting down and abandoning module InputCore (64)
[2018.06.01-11.16.36:365][235]LogModuleManager: Shutting down and abandoning module Settings (62)
[2018.06.01-11.16.36:365][235]LogModuleManager: Shutting down and abandoning module PhysXCooking (60)
[2018.06.01-11.16.36:365][235]LogModuleManager: Shutting down and abandoning module SteamVR (58)
[2018.06.01-11.16.36:365][235]LogModuleManager: Shutting down and abandoning module OculusHMD (56)
[2018.06.01-11.16.36:365][235]LogModuleManager: Shutting down and abandoning module ExampleDeviceProfileSelector (54)
[2018.06.01-11.16.36:365][235]LogModuleManager: Shutting down and abandoning module AppleARKit (52)
[2018.06.01-11.16.36:366][235]LogModuleManager: Shutting down and abandoning module AugmentedReality (51)
[2018.06.01-11.16.36:366][235]LogModuleManager: Shutting down and abandoning module OnlineBlueprintSupport (48)
[2018.06.01-11.16.36:366][235]LogModuleManager: Shutting down and abandoning module OnlineSubsystem (44)
[2018.06.01-11.16.36:366][235]LogModuleManager: Shutting down and abandoning module XMPP (43)
[2018.06.01-11.16.36:366][235]LogModuleManager: Shutting down and abandoning module HTTP (41)
[2018.06.01-11.16.36:366][235]LogHttp: Display: Http module shutting down, but needs to wait on 1 outstanding Http requests:
[2018.06.01-11.16.36:366][235]LogHttp: Display: 	verb=[POST] url=[https://datarouter.ol.epicgames.com/datarouter/api/v1/public/data?SessionID=%7BD40398BA-4016-0501-DEE5-29BACB6D4712%7D&AppID=UEEditor.Rocket.Release&AppVersion=4.18.3-3832480%2B%2B%2BUE4%2BRelease-4.18&UserID=0bdc3de44b7b625a07841e8b07e411df%7Caa12f1849dd847bc8ea372f8fc7be5c7%7Cb4867d24-fc4d-4bb9-ad83-a828350939ad&AppEnvironment=datacollector-binary&UploadType=eteventstream] status=Processing
[2018.06.01-11.16.36:377][235]LogModuleManager: Shutting down and abandoning module SSL (40)
[2018.06.01-11.16.36:379][235]LogModuleManager: Shutting down and abandoning module AnimationModifiers (36)
[2018.06.01-11.16.36:379][235]LogModuleManager: Shutting down and abandoning module PropertyEditor (35)
[2018.06.01-11.16.36:379][235]LogModuleManager: Shutting down and abandoning module AudioEditor (32)
[2018.06.01-11.16.36:379][235]LogModuleManager: Shutting down and abandoning module TextureCompressor (30)
[2018.06.01-11.16.36:379][235]LogModuleManager: Shutting down and abandoning module ShaderCore (28)
[2018.06.01-11.16.36:379][235]LogModuleManager: Shutting down and abandoning module Landscape (26)
[2018.06.01-11.16.36:379][235]LogModuleManager: Shutting down and abandoning module SlateRHIRenderer (24)
[2018.06.01-11.16.36:380][235]LogModuleManager: Shutting down and abandoning module OpenGLDrv (22)
[2018.06.01-11.16.36:380][235]LogModuleManager: Shutting down and abandoning module D3D11RHI (20)
[2018.06.01-11.16.36:380][235]LogModuleManager: Shutting down and abandoning module AnimGraphRuntime (18)
[2018.06.01-11.16.36:380][235]LogModuleManager: Shutting down and abandoning module Renderer (16)
[2018.06.01-11.16.36:380][235]LogModuleManager: Shutting down and abandoning module Engine (14)
[2018.06.01-11.16.36:380][235]LogModuleManager: Shutting down and abandoning module CoreUObject (12)
[2018.06.01-11.16.36:380][235]LogModuleManager: Shutting down and abandoning module NetworkFile (10)
[2018.06.01-11.16.36:380][235]LogModuleManager: Shutting down and abandoning module CookedIterativeFile (8)
[2018.06.01-11.16.36:380][235]LogModuleManager: Shutting down and abandoning module StreamingFile (6)
[2018.06.01-11.16.36:380][235]LogModuleManager: Shutting down and abandoning module SandboxFile (4)
[2018.06.01-11.16.36:380][235]LogModuleManager: Shutting down and abandoning module PakFile (2)
[2018.06.01-11.16.36:383][235]LogExit: Exiting.
[2018.06.01-11.16.36:418][235]Log file closed, 06/01/18 13:16:36
